2021-06-26 23:06:549 INFO  BasePage :33 - Launching Chrome Browser 
2021-06-26 23:06:809 INFO  BasePage :33 - Launching Chrome Browser 
2021-06-26 23:06:594 INFO  BasePage :33 - Launching Chrome Browser 
2021-06-26 23:06:111 INFO  BasePage :33 - Launching Chrome Browser 
2021-06-26 23:06:482 INFO  BasePage :33 - Launching Chrome Browser 
2021-06-26 23:06:277 INFO  HomePage :25 - Clicking on login link : [[ChromeDriver: chrome on WINDOWS (729c801618b04baeaa88d9b03c060bc8)] -> link text: Log in]
2021-06-26 23:06:336 INFO  LoginPage :54 - Getting text from : [[ChromeDriver: chrome on WINDOWS (729c801618b04baeaa88d9b03c060bc8)] -> xpath: //div[@class='page-title']//h1]
2021-06-26 23:06:648 INFO  BasePage :33 - Launching Chrome Browser 
2021-06-26 23:06:664 INFO  HomePage :25 - Clicking on login link : [[ChromeDriver: chrome on WINDOWS (0841238fe788e22bddb34fc54004e7c2)] -> link text: Log in]
2021-06-26 23:06:718 INFO  LoginPage :54 - Getting text from : [[ChromeDriver: chrome on WINDOWS (0841238fe788e22bddb34fc54004e7c2)] -> xpath: //div[@class='page-title']//h1]
2021-06-27 21:06:153 INFO  BasePage :33 - Launching Chrome Browser 
2021-06-27 21:06:20 INFO  DesktopPage :38 - Clicking on computer lin : [[ChromeDriver: chrome on WINDOWS (6880eed4b137bad3051bc35a8a54c12c)] -> link text: Computers]
2021-06-27 21:06:126 INFO  DesktopPage :56 - Verify user navigate to computer page successfully : [[ChromeDriver: chrome on WINDOWS (6880eed4b137bad3051bc35a8a54c12c)] -> partial link text: Computers]
2021-06-27 21:06:554 INFO  BasePage :33 - Launching Chrome Browser 
2021-06-27 21:06:704 INFO  BasePage :33 - Launching Chrome Browser 
2021-06-27 21:06:301 INFO  BasePage :33 - Launching Chrome Browser 
2021-06-27 21:06:954 INFO  BasePage :33 - Launching Chrome Browser 
2021-06-27 21:06:775 INFO  BasePage :33 - Launching Chrome Browser 
2021-06-27 21:06:141 INFO  BasePage :33 - Launching Chrome Browser 
2021-06-27 21:06:81 INFO  BasePage :33 - Launching Chrome Browser 
2021-06-27 21:06:726 INFO  DesktopPage :38 - Clicking on computer lin : [[ChromeDriver: chrome on WINDOWS (aed72da786e4821d0c6e899517849337)] -> link text: Computers]
2021-06-27 21:06:866 INFO  DesktopPage :28 - Click on Desktop : [[ChromeDriver: chrome on WINDOWS (aed72da786e4821d0c6e899517849337)] -> xpath: //a[text()=' Desktops ']]
2021-06-27 21:06:216 INFO  BasePage :33 - Launching Chrome Browser 
2021-06-27 21:06:420 INFO  DesktopPage :38 - Clicking on computer lin : [[ChromeDriver: chrome on WINDOWS (9328c917206a25bf4802cf5aca88c63e)] -> link text: Computers]
2021-06-27 21:06:490 INFO  DesktopPage :56 - Verify user navigate to computer page successfully : [[ChromeDriver: chrome on WINDOWS (9328c917206a25bf4802cf5aca88c63e)] -> partial link text: Computers]
2021-06-27 21:06:170 INFO  BasePage :33 - Launching Chrome Browser 
2021-06-27 21:06:211 INFO  BasePage :33 - Launching Chrome Browser 
2021-06-27 21:06:277 INFO  BasePage :33 - Launching Chrome Browser 
2021-06-27 21:06:267 INFO  BasePage :33 - Launching Chrome Browser 
2021-06-27 21:06:210 INFO  BasePage :33 - Launching Chrome Browser 
2021-06-27 21:06:724 INFO  BasePage :33 - Launching Chrome Browser 
2021-06-27 21:06:109 INFO  BasePage :33 - Launching Chrome Browser 
2021-06-27 21:06:880 INFO  DesktopPage :38 - Clicking on computer lin : [[ChromeDriver: chrome on WINDOWS (c066eb2e967ddaff34e7a94deb813a38)] -> link text: Computers]
2021-06-27 21:06:11 INFO  DesktopPage :28 - Click on Desktop : [[ChromeDriver: chrome on WINDOWS (c066eb2e967ddaff34e7a94deb813a38)] -> xpath: //a[text()=' Desktops ']]
2021-06-27 21:06:284 INFO  BasePage :33 - Launching Chrome Browser 
2021-06-27 21:06:274 INFO  BasePage :33 - Launching Chrome Browser 
2021-06-27 21:06:950 INFO  BasePage :33 - Launching Chrome Browser 
2021-06-27 21:06:152 INFO  BasePage :33 - Launching Chrome Browser 
2021-06-27 21:06:415 INFO  BasePage :33 - Launching Chrome Browser 
2021-06-27 21:06:508 INFO  BasePage :33 - Launching Chrome Browser 
2021-06-27 22:06:756 INFO  BasePage :33 - Launching Chrome Browser 
2021-06-27 22:06:920 INFO  DesktopPage :39 - Clicking on computer lin : [[ChromeDriver: chrome on WINDOWS (bc85f76419f12883f9a694627b3aa006)] -> link text: Computers]
2021-06-27 22:06:453 INFO  BasePage :33 - Launching Chrome Browser 
2021-06-27 22:06:07 INFO  DesktopPage :39 - Clicking on computer lin : [[ChromeDriver: chrome on WINDOWS (f801d22296cae69638dad329b43638a6)] -> link text: Computers]
2021-06-27 22:06:80 INFO  DesktopPage :56 - Verify user navigate to computer page successfully : [[ChromeDriver: chrome on WINDOWS (f801d22296cae69638dad329b43638a6)] -> partial link text: Computers]
2021-06-27 22:06:378 INFO  BasePage :33 - Launching Chrome Browser 
2021-06-27 22:06:437 INFO  DesktopPage :45 - Clicking on electronics link : [[ChromeDriver: chrome on WINDOWS (46fd491af32ba57cb7be78753579ca78)] -> link text: Electronics]
2021-06-27 22:06:511 INFO  DesktopPage :61 - Verify user navigate to electronic page successfully : [[ChromeDriver: chrome on WINDOWS (46fd491af32ba57cb7be78753579ca78)] -> partial link text: Electronics]
2021-06-27 22:06:888 INFO  BasePage :33 - Launching Chrome Browser 
2021-06-27 22:06:867 INFO  DesktopPage :51 - Clicking on apparel link : [[ChromeDriver: chrome on WINDOWS (474bda4f1b5d47ab800a2f8e187e5395)] -> link text: Apparel]
2021-06-27 22:06:936 INFO  DesktopPage :66 - Verify user navigate to apparel page successfully : [[ChromeDriver: chrome on WINDOWS (474bda4f1b5d47ab800a2f8e187e5395)] -> partial link text: Apparel]
2021-06-27 22:06:390 INFO  BasePage :33 - Launching Chrome Browser 
2021-06-27 22:06:333 INFO  DesktopPage :57 - Clicking on digital downloads link : [[ChromeDriver: chrome on WINDOWS (2b02be10961648ac1da32c2d50542b42)] -> link text: Digital downloads]
2021-06-27 22:06:387 INFO  DesktopPage :71 - Verify user navigate to digitaldownloads page successfully : [[ChromeDriver: chrome on WINDOWS (2b02be10961648ac1da32c2d50542b42)] -> partial link text: Digital downloads]
2021-06-27 22:06:16 INFO  BasePage :33 - Launching Chrome Browser 
2021-06-27 22:06:792 INFO  DesktopPage :62 - Clicking books link : [[ChromeDriver: chrome on WINDOWS (3a15fa31f65ad169fde82bee7dcd8188)] -> link text: Books]
2021-06-27 22:06:845 INFO  DesktopPage :76 - Verify user navigate to books page successfully : [[ChromeDriver: chrome on WINDOWS (3a15fa31f65ad169fde82bee7dcd8188)] -> partial link text: Digital downloads]
2021-06-27 22:06:703 INFO  BasePage :33 - Launching Chrome Browser 
2021-06-27 22:06:509 INFO  DesktopPage :68 - Clicking on jewelry link : [[ChromeDriver: chrome on WINDOWS (beb10326baed1c8aef6f60105efeff9f)] -> link text: Jewelry]
2021-06-27 22:06:570 INFO  DesktopPage :81 - Verify user navigate to jewelry page successfully : [[ChromeDriver: chrome on WINDOWS (beb10326baed1c8aef6f60105efeff9f)] -> partial link text: Jewelry]
2021-06-27 22:06:145 INFO  BasePage :33 - Launching Chrome Browser 
2021-06-27 22:06:96 INFO  DesktopPage :74 - Clicking on giftcards link : [[ChromeDriver: chrome on WINDOWS (f4acffd298c890148239b802c8d989f5)] -> link text: Gift Cards]
2021-06-27 22:06:134 INFO  DesktopPage :86 - Verify user navigate to giftcards page successfully : [[ChromeDriver: chrome on WINDOWS (f4acffd298c890148239b802c8d989f5)] -> partial link text: Gift Cards]
2021-06-27 22:06:123 INFO  BasePage :33 - Launching Chrome Browser 
2021-06-27 22:06:515 INFO  DesktopPage :39 - Clicking on computer lin : [[ChromeDriver: chrome on WINDOWS (9ad98142060caf93f204d421e61c9c83)] -> link text: Computers]
2021-06-27 22:06:947 INFO  BasePage :33 - Launching Chrome Browser 
2021-06-27 22:06:444 INFO  DesktopPage :39 - Clicking on computer lin : [[ChromeDriver: chrome on WINDOWS (6356f016b81895bc2d01ce062710b035)] -> link text: Computers]
2021-06-27 22:06:522 INFO  DesktopPage :56 - Verify user navigate to computer page successfully : [[ChromeDriver: chrome on WINDOWS (6356f016b81895bc2d01ce062710b035)] -> partial link text: Computers]
2021-06-27 22:06:962 INFO  BasePage :33 - Launching Chrome Browser 
2021-06-27 22:06:539 INFO  DesktopPage :45 - Clicking on electronics link : [[ChromeDriver: chrome on WINDOWS (30cfe71853a27f827bc6f1ac45444eaa)] -> link text: Electronics]
2021-06-27 22:06:583 INFO  DesktopPage :61 - Verify user navigate to electronic page successfully : [[ChromeDriver: chrome on WINDOWS (30cfe71853a27f827bc6f1ac45444eaa)] -> partial link text: Electronics]
2021-06-27 22:06:587 INFO  BasePage :33 - Launching Chrome Browser 
2021-06-27 22:06:801 INFO  DesktopPage :51 - Clicking on apparel link : [[ChromeDriver: chrome on WINDOWS (c9d45139dd060927c9f6941e6828b2ab)] -> link text: Apparel]
2021-06-27 22:06:851 INFO  DesktopPage :66 - Verify user navigate to apparel page successfully : [[ChromeDriver: chrome on WINDOWS (c9d45139dd060927c9f6941e6828b2ab)] -> partial link text: Apparel]
2021-06-27 22:06:03 INFO  BasePage :33 - Launching Chrome Browser 
2021-06-27 22:06:171 INFO  DesktopPage :57 - Clicking on digital downloads link : [[ChromeDriver: chrome on WINDOWS (16544e90d87444e7c6fb7cbe22a3f8b7)] -> link text: Digital downloads]
2021-06-27 22:06:262 INFO  DesktopPage :71 - Verify user navigate to digitaldownloads page successfully : [[ChromeDriver: chrome on WINDOWS (16544e90d87444e7c6fb7cbe22a3f8b7)] -> partial link text: Digital downloads]
2021-06-27 22:06:648 INFO  BasePage :33 - Launching Chrome Browser 
2021-06-27 22:06:230 INFO  DesktopPage :62 - Clicking books link : [[ChromeDriver: chrome on WINDOWS (092fab8c64459a4a13acda426c06e38d)] -> link text: Books]
2021-06-27 22:06:287 INFO  DesktopPage :76 - Verify user navigate to books page successfully : [[ChromeDriver: chrome on WINDOWS (092fab8c64459a4a13acda426c06e38d)] -> partial link text: Digital downloads]
2021-06-27 22:06:584 INFO  BasePage :33 - Launching Chrome Browser 
2021-06-27 22:06:351 INFO  DesktopPage :68 - Clicking on jewelry link : [[ChromeDriver: chrome on WINDOWS (cb0b5376921466887938137e61615207)] -> link text: Jewelry]
2021-06-27 22:06:412 INFO  DesktopPage :81 - Verify user navigate to jewelry page successfully : [[ChromeDriver: chrome on WINDOWS (cb0b5376921466887938137e61615207)] -> partial link text: Jewelry]
2021-06-27 22:06:795 INFO  BasePage :33 - Launching Chrome Browser 
2021-06-27 22:06:34 INFO  DesktopPage :74 - Clicking on giftcards link : [[ChromeDriver: chrome on WINDOWS (2613134254ed22cead13cca20b04028f)] -> link text: Gift Cards]
2021-06-27 22:06:78 INFO  DesktopPage :86 - Verify user navigate to giftcards page successfully : [[ChromeDriver: chrome on WINDOWS (2613134254ed22cead13cca20b04028f)] -> partial link text: Gift Cards]
2021-06-27 22:06:950 INFO  BasePage :33 - Launching Chrome Browser 
2021-06-27 22:06:494 INFO  DesktopPage :39 - Clicking on computer lin : [[ChromeDriver: chrome on WINDOWS (5abd1d028878335e88ad97f7731675a0)] -> link text: Computers]
2021-06-27 22:06:816 INFO  BasePage :33 - Launching Chrome Browser 
2021-06-27 22:06:580 INFO  DesktopPage :39 - Clicking on computer lin : [[ChromeDriver: chrome on WINDOWS (f73a711c2e70fd8ce09377de06d6290e)] -> link text: Computers]
2021-06-27 22:06:634 INFO  DesktopPage :56 - Verify user navigate to computer page successfully : [[ChromeDriver: chrome on WINDOWS (f73a711c2e70fd8ce09377de06d6290e)] -> partial link text: Computers]
2021-06-27 22:06:76 INFO  BasePage :33 - Launching Chrome Browser 
2021-06-27 22:06:766 INFO  DesktopPage :45 - Clicking on electronics link : [[ChromeDriver: chrome on WINDOWS (a27af92e69a29a2abe691a02ef02406d)] -> link text: Electronics]
2021-06-27 22:06:809 INFO  DesktopPage :61 - Verify user navigate to electronic page successfully : [[ChromeDriver: chrome on WINDOWS (a27af92e69a29a2abe691a02ef02406d)] -> partial link text: Electronics]
2021-06-27 22:06:375 INFO  BasePage :33 - Launching Chrome Browser 
2021-06-27 22:06:539 INFO  DesktopPage :51 - Clicking on apparel link : [[ChromeDriver: chrome on WINDOWS (da855b848e5045fa9bc790808c4fad91)] -> link text: Apparel]
2021-06-27 22:06:587 INFO  DesktopPage :66 - Verify user navigate to apparel page successfully : [[ChromeDriver: chrome on WINDOWS (da855b848e5045fa9bc790808c4fad91)] -> partial link text: Apparel]
2021-06-27 22:06:503 INFO  BasePage :33 - Launching Chrome Browser 
2021-06-27 22:06:414 INFO  DesktopPage :57 - Clicking on digital downloads link : [[ChromeDriver: chrome on WINDOWS (f872721f06ce43e1c28ba22a513bafa9)] -> link text: Digital downloads]
2021-06-27 22:06:457 INFO  DesktopPage :71 - Verify user navigate to digitaldownloads page successfully : [[ChromeDriver: chrome on WINDOWS (f872721f06ce43e1c28ba22a513bafa9)] -> partial link text: Digital downloads]
2021-06-27 22:06:581 INFO  BasePage :33 - Launching Chrome Browser 
2021-06-27 22:06:555 INFO  DesktopPage :62 - Clicking books link : [[ChromeDriver: chrome on WINDOWS (e5a1cb52ef7ff7936e7398f047b10866)] -> link text: Books]
2021-06-27 22:06:610 INFO  DesktopPage :76 - Verify user navigate to books page successfully : [[ChromeDriver: chrome on WINDOWS (e5a1cb52ef7ff7936e7398f047b10866)] -> partial link text: Digital downloads]
2021-06-27 22:06:838 INFO  BasePage :33 - Launching Chrome Browser 
2021-06-27 22:06:843 INFO  DesktopPage :68 - Clicking on jewelry link : [[ChromeDriver: chrome on WINDOWS (b434b262b2cfefd5453e6ed8b8fa89be)] -> link text: Jewelry]
2021-06-27 22:06:889 INFO  DesktopPage :81 - Verify user navigate to jewelry page successfully : [[ChromeDriver: chrome on WINDOWS (b434b262b2cfefd5453e6ed8b8fa89be)] -> partial link text: Jewelry]
2021-06-27 22:06:998 INFO  BasePage :33 - Launching Chrome Browser 
2021-06-27 22:06:256 INFO  DesktopPage :74 - Clicking on giftcards link : [[ChromeDriver: chrome on WINDOWS (4fcdff2e108ed6f0ccc849fa20127bf3)] -> link text: Gift Cards]
2021-06-27 22:06:302 INFO  DesktopPage :86 - Verify user navigate to giftcards page successfully : [[ChromeDriver: chrome on WINDOWS (4fcdff2e108ed6f0ccc849fa20127bf3)] -> partial link text: Gift Cards]
2021-06-27 22:06:11 INFO  BasePage :33 - Launching Chrome Browser 
2021-06-27 22:06:813 INFO  DesktopPage :39 - Clicking on computer lin : [[ChromeDriver: chrome on WINDOWS (b518be343a36289b67932676655e0b5e)] -> link text: Computers]
2021-06-27 22:06:271 INFO  BasePage :33 - Launching Chrome Browser 
2021-06-27 22:06:265 INFO  DesktopPage :39 - Clicking on computer lin : [[ChromeDriver: chrome on WINDOWS (7f85f886a6a159f968a200c621a4228e)] -> link text: Computers]
2021-06-27 22:06:348 INFO  DesktopPage :56 - Verify user navigate to computer page successfully : [[ChromeDriver: chrome on WINDOWS (7f85f886a6a159f968a200c621a4228e)] -> partial link text: Computers]
2021-06-27 22:06:953 INFO  BasePage :33 - Launching Chrome Browser 
2021-06-27 22:06:173 INFO  DesktopPage :45 - Clicking on electronics link : [[ChromeDriver: chrome on WINDOWS (f43561bd14de5e5ec399505465e9e26b)] -> link text: Electronics]
2021-06-27 22:06:247 INFO  DesktopPage :61 - Verify user navigate to electronic page successfully : [[ChromeDriver: chrome on WINDOWS (f43561bd14de5e5ec399505465e9e26b)] -> partial link text: Electronics]
2021-06-27 22:06:855 INFO  BasePage :33 - Launching Chrome Browser 
2021-06-27 22:06:696 INFO  DesktopPage :51 - Clicking on apparel link : [[ChromeDriver: chrome on WINDOWS (12bb9d403168d12382c407704787f413)] -> link text: Apparel]
2021-06-27 22:06:768 INFO  DesktopPage :66 - Verify user navigate to apparel page successfully : [[ChromeDriver: chrome on WINDOWS (12bb9d403168d12382c407704787f413)] -> partial link text: Apparel]
2021-06-27 22:06:440 INFO  BasePage :33 - Launching Chrome Browser 
2021-06-27 22:06:610 INFO  DesktopPage :57 - Clicking on digital downloads link : [[ChromeDriver: chrome on WINDOWS (55cdfaaff7a6d934b844fe61983390d4)] -> link text: Digital downloads]
2021-06-27 22:06:673 INFO  DesktopPage :71 - Verify user navigate to digitaldownloads page successfully : [[ChromeDriver: chrome on WINDOWS (55cdfaaff7a6d934b844fe61983390d4)] -> partial link text: Digital downloads]
2021-06-27 22:06:50 INFO  BasePage :33 - Launching Chrome Browser 
2021-06-27 22:06:177 INFO  DesktopPage :62 - Clicking books link : [[ChromeDriver: chrome on WINDOWS (53fdff9074a478d41c60a73de41afd4c)] -> link text: Books]
2021-06-27 22:06:257 INFO  DesktopPage :76 - Verify user navigate to books page successfully : [[ChromeDriver: chrome on WINDOWS (53fdff9074a478d41c60a73de41afd4c)] -> partial link text: Digital downloads]
2021-06-27 22:06:549 INFO  BasePage :33 - Launching Chrome Browser 
2021-06-27 22:06:380 INFO  DesktopPage :68 - Clicking on jewelry link : [[ChromeDriver: chrome on WINDOWS (30c925bf26a9947ccf10cf692cd2f1b5)] -> link text: Jewelry]
2021-06-27 22:06:437 INFO  DesktopPage :81 - Verify user navigate to jewelry page successfully : [[ChromeDriver: chrome on WINDOWS (30c925bf26a9947ccf10cf692cd2f1b5)] -> partial link text: Jewelry]
2021-06-27 22:06:710 INFO  BasePage :33 - Launching Chrome Browser 
2021-06-27 22:06:307 INFO  DesktopPage :74 - Clicking on giftcards link : [[ChromeDriver: chrome on WINDOWS (9254185c48580170fafc99e237efd663)] -> link text: Gift Cards]
2021-06-27 22:06:359 INFO  DesktopPage :86 - Verify user navigate to giftcards page successfully : [[ChromeDriver: chrome on WINDOWS (9254185c48580170fafc99e237efd663)] -> partial link text: Gift Cards]
2021-06-27 22:06:812 INFO  BasePage :33 - Launching Chrome Browser 
2021-06-27 22:06:86 INFO  DesktopPage :39 - Clicking on computer lin : [[ChromeDriver: chrome on WINDOWS (94c6d6cc568fa389e31c2cfa2d8b51fc)] -> link text: Computers]
2021-06-27 22:06:540 INFO  DesktopPage :31 - Click on Desktop : [[ChromeDriver: chrome on WINDOWS (94c6d6cc568fa389e31c2cfa2d8b51fc)] -> link text: Desktops]
2021-06-27 22:06:966 INFO  BasePage :33 - Launching Chrome Browser 
2021-06-27 22:06:535 INFO  DesktopPage :39 - Clicking on computer lin : [[ChromeDriver: chrome on WINDOWS (ba4e6e0f39b3fd423075dd1fbfde44a6)] -> link text: Computers]
2021-06-27 22:06:599 INFO  DesktopPage :56 - Verify user navigate to computer page successfully : [[ChromeDriver: chrome on WINDOWS (ba4e6e0f39b3fd423075dd1fbfde44a6)] -> partial link text: Computers]
2021-06-27 22:06:145 INFO  BasePage :33 - Launching Chrome Browser 
2021-06-27 22:06:455 INFO  DesktopPage :45 - Clicking on electronics link : [[ChromeDriver: chrome on WINDOWS (2f6cac989abc8004f4f7e203b25bb969)] -> link text: Electronics]
2021-06-27 22:06:526 INFO  DesktopPage :61 - Verify user navigate to electronic page successfully : [[ChromeDriver: chrome on WINDOWS (2f6cac989abc8004f4f7e203b25bb969)] -> partial link text: Electronics]
2021-06-27 22:06:222 INFO  BasePage :33 - Launching Chrome Browser 
2021-06-27 22:06:387 INFO  DesktopPage :51 - Clicking on apparel link : [[ChromeDriver: chrome on WINDOWS (a69cbd1d3be526a0e3282c18915b7d6a)] -> link text: Apparel]
2021-06-27 22:06:462 INFO  DesktopPage :66 - Verify user navigate to apparel page successfully : [[ChromeDriver: chrome on WINDOWS (a69cbd1d3be526a0e3282c18915b7d6a)] -> partial link text: Apparel]
2021-06-27 22:06:376 INFO  BasePage :33 - Launching Chrome Browser 
2021-06-27 22:06:702 INFO  DesktopPage :57 - Clicking on digital downloads link : [[ChromeDriver: chrome on WINDOWS (78ef5fb63bc1701d86ffefa856fc5638)] -> link text: Digital downloads]
2021-06-27 22:06:767 INFO  DesktopPage :71 - Verify user navigate to digitaldownloads page successfully : [[ChromeDriver: chrome on WINDOWS (78ef5fb63bc1701d86ffefa856fc5638)] -> partial link text: Digital downloads]
2021-06-27 22:06:307 INFO  BasePage :33 - Launching Chrome Browser 
2021-06-27 22:06:771 INFO  DesktopPage :62 - Clicking books link : [[ChromeDriver: chrome on WINDOWS (565b5e65bbe2f8255ba37b02eaf2afe7)] -> link text: Books]
2021-06-27 22:06:849 INFO  DesktopPage :76 - Verify user navigate to books page successfully : [[ChromeDriver: chrome on WINDOWS (565b5e65bbe2f8255ba37b02eaf2afe7)] -> partial link text: Digital downloads]
2021-06-27 22:06:469 INFO  BasePage :33 - Launching Chrome Browser 
2021-06-27 22:06:962 INFO  DesktopPage :68 - Clicking on jewelry link : [[ChromeDriver: chrome on WINDOWS (ca57c74a1a040c494edd5d3b43496c40)] -> link text: Jewelry]
2021-06-27 22:06:34 INFO  DesktopPage :81 - Verify user navigate to jewelry page successfully : [[ChromeDriver: chrome on WINDOWS (ca57c74a1a040c494edd5d3b43496c40)] -> partial link text: Jewelry]
2021-06-27 22:06:802 INFO  BasePage :33 - Launching Chrome Browser 
2021-06-27 22:06:60 INFO  DesktopPage :74 - Clicking on giftcards link : [[ChromeDriver: chrome on WINDOWS (1589de2a1eb9bdec34b93106a8a3bf3c)] -> link text: Gift Cards]
2021-06-27 22:06:122 INFO  DesktopPage :86 - Verify user navigate to giftcards page successfully : [[ChromeDriver: chrome on WINDOWS (1589de2a1eb9bdec34b93106a8a3bf3c)] -> partial link text: Gift Cards]
2021-06-27 22:06:121 INFO  BasePage :33 - Launching Chrome Browser 
2021-06-27 22:06:370 INFO  DesktopPage :39 - Clicking on computer lin : [[ChromeDriver: chrome on WINDOWS (3d8859b33aaab9337c89a8b4090c5fb4)] -> link text: Computers]
2021-06-27 22:06:723 INFO  DesktopPage :31 - Click on Desktop : [[ChromeDriver: chrome on WINDOWS (3d8859b33aaab9337c89a8b4090c5fb4)] -> link text: Desktops]
2021-06-27 22:06:920 INFO  BasePage :33 - Launching Chrome Browser 
2021-06-27 22:06:765 INFO  DesktopPage :39 - Clicking on computer lin : [[ChromeDriver: chrome on WINDOWS (b7b1a86be7bbf559ecd22ecab1de73d8)] -> link text: Computers]
2021-06-27 22:06:940 INFO  DesktopPage :56 - Verify user navigate to computer page successfully : [[ChromeDriver: chrome on WINDOWS (b7b1a86be7bbf559ecd22ecab1de73d8)] -> partial link text: Computers]
2021-06-27 22:06:390 INFO  BasePage :33 - Launching Chrome Browser 
2021-06-27 22:06:456 INFO  BasePage :33 - Launching Chrome Browser 
2021-06-27 22:06:660 INFO  BasePage :33 - Launching Chrome Browser 
2021-06-27 22:06:979 INFO  BasePage :33 - Launching Chrome Browser 
2021-06-27 22:06:193 INFO  BasePage :33 - Launching Chrome Browser 
2021-06-27 22:06:734 INFO  DesktopPage :68 - Clicking on jewelry link : [[ChromeDriver: chrome on WINDOWS (bfea121ab8c74214856effd0c73f8861)] -> link text: Jewelry]
2021-06-27 22:06:786 INFO  DesktopPage :81 - Verify user navigate to jewelry page successfully : [[ChromeDriver: chrome on WINDOWS (bfea121ab8c74214856effd0c73f8861)] -> partial link text: Jewelry]
2021-06-27 22:06:243 INFO  BasePage :33 - Launching Chrome Browser 
2021-06-27 22:06:933 INFO  BasePage :33 - Launching Chrome Browser 
2021-06-27 22:06:432 INFO  DesktopPage :39 - Clicking on computer lin : [[ChromeDriver: chrome on WINDOWS (f325446bd02c7bd7430a45bae6b3fa3b)] -> link text: Computers]
2021-06-27 22:06:331 INFO  DesktopPage :31 - Click on Desktop : [[ChromeDriver: chrome on WINDOWS (f325446bd02c7bd7430a45bae6b3fa3b)] -> link text: Desktops]
2021-06-27 22:06:10 INFO  BasePage :33 - Launching Chrome Browser 
2021-06-27 22:06:933 INFO  DesktopPage :39 - Clicking on computer lin : [[ChromeDriver: chrome on WINDOWS (a3ab298abcd8cef15392983bbfe6d292)] -> link text: Computers]
2021-06-27 22:06:57 INFO  DesktopPage :56 - Verify user navigate to computer page successfully : [[ChromeDriver: chrome on WINDOWS (a3ab298abcd8cef15392983bbfe6d292)] -> partial link text: Computers]
2021-06-27 22:06:724 INFO  BasePage :33 - Launching Chrome Browser 
2021-06-27 22:06:514 INFO  DesktopPage :45 - Clicking on electronics link : [[ChromeDriver: chrome on WINDOWS (7f460494ebfbce98dbbe59c4a37762fd)] -> link text: Electronics]
2021-06-27 22:06:583 INFO  DesktopPage :61 - Verify user navigate to electronic page successfully : [[ChromeDriver: chrome on WINDOWS (7f460494ebfbce98dbbe59c4a37762fd)] -> partial link text: Electronics]
2021-06-27 22:06:242 INFO  BasePage :33 - Launching Chrome Browser 
2021-06-27 22:06:448 INFO  DesktopPage :51 - Clicking on apparel link : [[ChromeDriver: chrome on WINDOWS (9d578319ac3b7916f0e209f86e79d408)] -> link text: Apparel]
2021-06-27 22:06:611 INFO  DesktopPage :66 - Verify user navigate to apparel page successfully : [[ChromeDriver: chrome on WINDOWS (9d578319ac3b7916f0e209f86e79d408)] -> partial link text: Apparel]
2021-06-27 22:06:592 INFO  BasePage :33 - Launching Chrome Browser 
2021-06-27 22:06:162 INFO  DesktopPage :57 - Clicking on digital downloads link : [[ChromeDriver: chrome on WINDOWS (93407deaea8abec38f3db08f281312d1)] -> link text: Digital downloads]
2021-06-27 22:06:308 INFO  DesktopPage :71 - Verify user navigate to digitaldownloads page successfully : [[ChromeDriver: chrome on WINDOWS (93407deaea8abec38f3db08f281312d1)] -> partial link text: Digital downloads]
2021-06-27 22:06:143 INFO  BasePage :33 - Launching Chrome Browser 
2021-06-27 22:06:892 INFO  BasePage :33 - Launching Chrome Browser 
2021-06-27 22:06:353 INFO  DesktopPage :68 - Clicking on jewelry link : [[ChromeDriver: chrome on WINDOWS (000fdd8fc0838605622e087d6719c0a1)] -> link text: Jewelry]
2021-06-27 22:06:504 INFO  DesktopPage :81 - Verify user navigate to jewelry page successfully : [[ChromeDriver: chrome on WINDOWS (000fdd8fc0838605622e087d6719c0a1)] -> partial link text: Jewelry]
2021-06-27 22:06:724 INFO  BasePage :33 - Launching Chrome Browser 
2021-06-27 22:06:211 INFO  BasePage :33 - Launching Chrome Browser 
2021-06-27 22:06:401 INFO  DesktopPage :39 - Clicking on computer lin : [[ChromeDriver: chrome on WINDOWS (61aec490a6ef1db1b2cbd867a4055b1a)] -> link text: Computers]
2021-06-27 22:06:653 INFO  DesktopPage :31 - Click on Desktop : [[ChromeDriver: chrome on WINDOWS (61aec490a6ef1db1b2cbd867a4055b1a)] -> link text: Desktops]
2021-06-27 22:06:997 INFO  DesktopPage :36 - Select On Alphabeticaly Reverse : [[ChromeDriver: chrome on WINDOWS (61aec490a6ef1db1b2cbd867a4055b1a)] -> id: products-orderby]
2021-06-27 22:06:57 INFO  DesktopPage :40 - Verify product Desceding Order : [[[ChromeDriver: chrome on WINDOWS (61aec490a6ef1db1b2cbd867a4055b1a)] -> xpath: //h2[@class='product-title']], [[ChromeDriver: chrome on WINDOWS (61aec490a6ef1db1b2cbd867a4055b1a)] -> xpath: //h2[@class='product-title']], [[ChromeDriver: chrome on WINDOWS (61aec490a6ef1db1b2cbd867a4055b1a)] -> xpath: //h2[@class='product-title']]]
2021-06-27 22:06:99 INFO  DesktopPage :40 - Verify product Desceding Order : [[[ChromeDriver: chrome on WINDOWS (61aec490a6ef1db1b2cbd867a4055b1a)] -> xpath: //h2[@class='product-title']], [[ChromeDriver: chrome on WINDOWS (61aec490a6ef1db1b2cbd867a4055b1a)] -> xpath: //h2[@class='product-title']], [[ChromeDriver: chrome on WINDOWS (61aec490a6ef1db1b2cbd867a4055b1a)] -> xpath: //h2[@class='product-title']]]
2021-06-27 22:06:448 INFO  BasePage :33 - Launching Chrome Browser 
2021-06-27 22:06:756 INFO  DesktopPage :39 - Clicking on computer lin : [[ChromeDriver: chrome on WINDOWS (0932b26d8e3151a9bf6a41a9ea67cdb2)] -> link text: Computers]
2021-06-27 22:06:858 INFO  DesktopPage :56 - Verify user navigate to computer page successfully : [[ChromeDriver: chrome on WINDOWS (0932b26d8e3151a9bf6a41a9ea67cdb2)] -> partial link text: Computers]
2021-06-27 22:06:439 INFO  BasePage :33 - Launching Chrome Browser 
2021-06-27 22:06:762 INFO  DesktopPage :45 - Clicking on electronics link : [[ChromeDriver: chrome on WINDOWS (3121a3b8d54f440810aee3668f8ef039)] -> link text: Electronics]
2021-06-27 22:06:904 INFO  DesktopPage :61 - Verify user navigate to electronic page successfully : [[ChromeDriver: chrome on WINDOWS (3121a3b8d54f440810aee3668f8ef039)] -> partial link text: Electronics]
2021-06-27 22:06:838 INFO  BasePage :33 - Launching Chrome Browser 
2021-06-27 22:06:497 INFO  DesktopPage :51 - Clicking on apparel link : [[ChromeDriver: chrome on WINDOWS (7b859ddd1829aa62c2092813bae77844)] -> link text: Apparel]
2021-06-27 22:06:634 INFO  DesktopPage :66 - Verify user navigate to apparel page successfully : [[ChromeDriver: chrome on WINDOWS (7b859ddd1829aa62c2092813bae77844)] -> partial link text: Apparel]
2021-06-27 22:06:297 INFO  BasePage :33 - Launching Chrome Browser 
2021-06-27 22:06:619 INFO  DesktopPage :57 - Clicking on digital downloads link : [[ChromeDriver: chrome on WINDOWS (f50388d457a46312e3cc5d6110357ff8)] -> link text: Digital downloads]
2021-06-27 22:06:738 INFO  DesktopPage :71 - Verify user navigate to digitaldownloads page successfully : [[ChromeDriver: chrome on WINDOWS (f50388d457a46312e3cc5d6110357ff8)] -> partial link text: Digital downloads]
2021-06-27 22:06:617 INFO  BasePage :33 - Launching Chrome Browser 
2021-06-27 22:06:949 INFO  DesktopPage :62 - Clicking books link : [[ChromeDriver: chrome on WINDOWS (464efa7ca97a65d5a11d332b20aa20a6)] -> link text: Books]
2021-06-27 22:06:94 INFO  DesktopPage :76 - Verify user navigate to books page successfully : [[ChromeDriver: chrome on WINDOWS (464efa7ca97a65d5a11d332b20aa20a6)] -> partial link text: Digital downloads]
2021-06-27 22:06:986 INFO  BasePage :33 - Launching Chrome Browser 
2021-06-27 22:06:83 INFO  DesktopPage :68 - Clicking on jewelry link : [[ChromeDriver: chrome on WINDOWS (d103926a31b1e7288e73a309d34f5fd6)] -> link text: Jewelry]
2021-06-27 22:06:205 INFO  DesktopPage :81 - Verify user navigate to jewelry page successfully : [[ChromeDriver: chrome on WINDOWS (d103926a31b1e7288e73a309d34f5fd6)] -> partial link text: Jewelry]
2021-06-27 22:06:565 INFO  BasePage :33 - Launching Chrome Browser 
2021-06-27 23:06:780 INFO  BasePage :33 - Launching Chrome Browser 
2021-06-27 23:06:408 INFO  DesktopPage :39 - Clicking on computer lin : [[ChromeDriver: chrome on WINDOWS (18132c997d201649f71f0571956e5969)] -> link text: Computers]
2021-06-27 23:06:614 INFO  DesktopPage :31 - Click on Desktop : [[ChromeDriver: chrome on WINDOWS (18132c997d201649f71f0571956e5969)] -> link text: Desktops]
2021-06-27 23:06:71 INFO  DesktopPage :36 - Select On Alphabeticaly Reverse : [[ChromeDriver: chrome on WINDOWS (18132c997d201649f71f0571956e5969)] -> id: products-orderby]
2021-06-27 23:06:135 INFO  DesktopPage :40 - Verify product Desceding Order : [[[ChromeDriver: chrome on WINDOWS (18132c997d201649f71f0571956e5969)] -> xpath: //h2[@class='product-title']], [[ChromeDriver: chrome on WINDOWS (18132c997d201649f71f0571956e5969)] -> xpath: //h2[@class='product-title']], [[ChromeDriver: chrome on WINDOWS (18132c997d201649f71f0571956e5969)] -> xpath: //h2[@class='product-title']]]
2021-06-28 00:06:904 INFO  BasePage :33 - Launching Chrome Browser 
2021-06-28 00:06:844 INFO  DesktopPage :39 - Clicking on computer lin : [[ChromeDriver: chrome on WINDOWS (52f3fa694e171106d42199f093ac5d9d)] -> link text: Computers]
2021-06-28 00:06:88 INFO  DesktopPage :31 - Click on Desktop : [[ChromeDriver: chrome on WINDOWS (52f3fa694e171106d42199f093ac5d9d)] -> link text: Desktops]
2021-06-28 00:06:308 INFO  DesktopPage :46 - Select On Alphabeticaly : [[ChromeDriver: chrome on WINDOWS (52f3fa694e171106d42199f093ac5d9d)] -> id: products-orderby]
2021-06-28 00:06:965 INFO  BasePage :33 - Launching Chrome Browser 
2021-06-28 00:06:158 INFO  DesktopPage :39 - Clicking on computer lin : [[ChromeDriver: chrome on WINDOWS (0695b31992b5c301b807558f2eae25f8)] -> link text: Computers]
2021-06-28 00:06:994 INFO  DesktopPage :31 - Click on Desktop : [[ChromeDriver: chrome on WINDOWS (0695b31992b5c301b807558f2eae25f8)] -> link text: Desktops]
2021-06-28 00:06:349 INFO  DesktopPage :46 - Select On Alphabeticaly : [[ChromeDriver: chrome on WINDOWS (0695b31992b5c301b807558f2eae25f8)] -> id: products-orderby]
2021-06-28 00:06:401 INFO  BasePage :33 - Launching Chrome Browser 
2021-06-28 00:06:157 INFO  DesktopPage :39 - Clicking on computer lin : [[ChromeDriver: chrome on WINDOWS (8020619035d7ac32c32e492af1be1f28)] -> link text: Computers]
2021-06-28 00:06:999 INFO  DesktopPage :31 - Click on Desktop : [[ChromeDriver: chrome on WINDOWS (8020619035d7ac32c32e492af1be1f28)] -> link text: Desktops]
2021-06-28 00:06:353 INFO  DesktopPage :46 - Select On Alphabeticaly : [[ChromeDriver: chrome on WINDOWS (8020619035d7ac32c32e492af1be1f28)] -> id: products-orderby]
2021-06-28 00:06:917 INFO  BasePage :33 - Launching Chrome Browser 
2021-06-28 00:06:838 INFO  DesktopPage :39 - Clicking on computer lin : [[ChromeDriver: chrome on WINDOWS (355b29ad6055cbd14613bfd46e110287)] -> link text: Computers]
2021-06-28 00:06:889 INFO  DesktopPage :31 - Click on Desktop : [[ChromeDriver: chrome on WINDOWS (355b29ad6055cbd14613bfd46e110287)] -> link text: Desktops]
2021-06-28 00:06:527 INFO  DesktopPage :46 - Select On Alphabeticaly : [[ChromeDriver: chrome on WINDOWS (355b29ad6055cbd14613bfd46e110287)] -> id: products-orderby]
2021-06-28 14:06:901 INFO  BasePage :33 - Launching Chrome Browser 
2021-06-28 14:06:327 INFO  DesktopPage :39 - Clicking on computer lin : [[ChromeDriver: chrome on WINDOWS (dad13a1873c607dca61e08bc5689ab19)] -> link text: Computers]
2021-06-28 14:06:983 INFO  DesktopPage :31 - Click on Desktop : [[ChromeDriver: chrome on WINDOWS (dad13a1873c607dca61e08bc5689ab19)] -> link text: Desktops]
2021-06-28 14:06:193 INFO  DesktopPage :46 - Select On Alphabeticaly : [[ChromeDriver: chrome on WINDOWS (dad13a1873c607dca61e08bc5689ab19)] -> id: products-orderby]
2021-06-28 20:06:467 INFO  BasePage :33 - Launching Chrome Browser 
2021-06-28 20:06:584 INFO  DesktopPage :39 - Clicking on computer lin : [[ChromeDriver: chrome on WINDOWS (217ef9aba339aaa27716b66ab827dcaf)] -> link text: Computers]
2021-06-28 20:06:59 INFO  DesktopPage :31 - Click on Desktop : [[ChromeDriver: chrome on WINDOWS (217ef9aba339aaa27716b66ab827dcaf)] -> link text: Desktops]
2021-06-28 20:06:292 INFO  DesktopPage :46 - Select On Alphabeticaly : [[ChromeDriver: chrome on WINDOWS (217ef9aba339aaa27716b66ab827dcaf)] -> id: products-orderby]
2021-06-28 20:06:714 INFO  BasePage :33 - Launching Chrome Browser 
2021-06-28 20:06:713 INFO  DesktopPage :39 - Clicking on computer lin : [[ChromeDriver: chrome on WINDOWS (21c2ad2a0fcb92eed2ec367b1736b0f2)] -> link text: Computers]
2021-06-28 20:06:982 INFO  DesktopPage :31 - Click on Desktop : [[ChromeDriver: chrome on WINDOWS (21c2ad2a0fcb92eed2ec367b1736b0f2)] -> link text: Desktops]
2021-06-28 20:06:199 INFO  DesktopPage :46 - Select On Alphabeticaly : [[ChromeDriver: chrome on WINDOWS (21c2ad2a0fcb92eed2ec367b1736b0f2)] -> id: products-orderby]
2021-06-28 20:06:603 INFO  BasePage :33 - Launching Chrome Browser 
2021-06-28 20:06:307 INFO  DesktopPage :39 - Clicking on computer lin : [[ChromeDriver: chrome on WINDOWS (b3318f8067a1bee42b14956c1b335059)] -> link text: Computers]
2021-06-28 20:06:569 INFO  DesktopPage :31 - Click on Desktop : [[ChromeDriver: chrome on WINDOWS (b3318f8067a1bee42b14956c1b335059)] -> link text: Desktops]
2021-06-28 20:06:825 INFO  DesktopPage :36 - Select On Alphabeticaly Reverse : [[ChromeDriver: chrome on WINDOWS (b3318f8067a1bee42b14956c1b335059)] -> id: products-orderby]
2021-06-28 20:06:868 INFO  DesktopPage :40 - Verify product Desceding Order : [[[ChromeDriver: chrome on WINDOWS (b3318f8067a1bee42b14956c1b335059)] -> xpath: //h2[@class='product-title']], [[ChromeDriver: chrome on WINDOWS (b3318f8067a1bee42b14956c1b335059)] -> xpath: //h2[@class='product-title']], [[ChromeDriver: chrome on WINDOWS (b3318f8067a1bee42b14956c1b335059)] -> xpath: //h2[@class='product-title']]]
2021-06-28 20:06:996 INFO  BasePage :33 - Launching Chrome Browser 
2021-06-28 20:06:415 INFO  DesktopPage :39 - Clicking on computer lin : [[ChromeDriver: chrome on WINDOWS (30c38fbb0ad2d8078c82c28028991ed8)] -> link text: Computers]
2021-06-28 20:06:759 INFO  DesktopPage :31 - Click on Desktop : [[ChromeDriver: chrome on WINDOWS (30c38fbb0ad2d8078c82c28028991ed8)] -> link text: Desktops]
2021-06-28 20:06:944 INFO  DesktopPage :46 - Select On Alphabeticaly : [[ChromeDriver: chrome on WINDOWS (30c38fbb0ad2d8078c82c28028991ed8)] -> id: products-orderby]
2021-06-28 20:06:114 INFO  BasePage :33 - Launching Chrome Browser 
2021-06-28 20:06:432 INFO  DesktopPage :39 - Clicking on computer lin : [[ChromeDriver: chrome on WINDOWS (ee241248667658fa79c197bcb12fb4ad)] -> link text: Computers]
2021-06-28 20:06:465 INFO  DesktopPage :56 - Verify user navigate to computer page successfully : [[ChromeDriver: chrome on WINDOWS (ee241248667658fa79c197bcb12fb4ad)] -> partial link text: Computers]
2021-06-28 20:06:335 INFO  BasePage :33 - Launching Chrome Browser 
2021-06-28 20:06:723 INFO  DesktopPage :45 - Clicking on electronics link : [[ChromeDriver: chrome on WINDOWS (2cf793e920ce0660ec9fcac249684d63)] -> link text: Electronics]
2021-06-28 20:06:757 INFO  DesktopPage :61 - Verify user navigate to electronic page successfully : [[ChromeDriver: chrome on WINDOWS (2cf793e920ce0660ec9fcac249684d63)] -> partial link text: Electronics]
2021-06-28 20:06:740 INFO  BasePage :33 - Launching Chrome Browser 
2021-06-28 20:06:60 INFO  BasePage :33 - Launching Chrome Browser 
2021-06-28 20:06:74 INFO  DesktopPage :39 - Clicking on computer lin : [[ChromeDriver: chrome on WINDOWS (a3c983e5cdfa8ccb8313e1c16ded137c)] -> link text: Computers]
2021-06-28 20:06:445 INFO  DesktopPage :31 - Click on Desktop : [[ChromeDriver: chrome on WINDOWS (a3c983e5cdfa8ccb8313e1c16ded137c)] -> link text: Desktops]
2021-06-28 20:06:679 INFO  DesktopPage :36 - Select On Alphabeticaly Reverse : [[ChromeDriver: chrome on WINDOWS (a3c983e5cdfa8ccb8313e1c16ded137c)] -> id: products-orderby]
2021-06-28 20:06:728 INFO  DesktopPage :40 - Verify product Desceding Order : [[[ChromeDriver: chrome on WINDOWS (a3c983e5cdfa8ccb8313e1c16ded137c)] -> xpath: //h2[@class='product-title']], [[ChromeDriver: chrome on WINDOWS (a3c983e5cdfa8ccb8313e1c16ded137c)] -> xpath: //h2[@class='product-title']], [[ChromeDriver: chrome on WINDOWS (a3c983e5cdfa8ccb8313e1c16ded137c)] -> xpath: //h2[@class='product-title']]]
2021-06-28 20:06:851 INFO  BasePage :33 - Launching Chrome Browser 
2021-06-28 20:06:372 INFO  DesktopPage :39 - Clicking on computer lin : [[ChromeDriver: chrome on WINDOWS (1cd4d7a73f91dd1b45aad1eeb91a0238)] -> link text: Computers]
2021-06-28 20:06:679 INFO  DesktopPage :31 - Click on Desktop : [[ChromeDriver: chrome on WINDOWS (1cd4d7a73f91dd1b45aad1eeb91a0238)] -> link text: Desktops]
2021-06-28 20:06:876 INFO  DesktopPage :46 - Select On Alphabeticaly : [[ChromeDriver: chrome on WINDOWS (1cd4d7a73f91dd1b45aad1eeb91a0238)] -> id: products-orderby]
2021-06-28 20:06:629 INFO  BasePage :33 - Launching Chrome Browser 
2021-06-28 20:06:486 INFO  DesktopPage :39 - Clicking on computer lin : [[ChromeDriver: chrome on WINDOWS (c89494cb01a5288cd0fc1f9613b84628)] -> link text: Computers]
2021-06-28 20:06:531 INFO  DesktopPage :56 - Verify user navigate to computer page successfully : [[ChromeDriver: chrome on WINDOWS (c89494cb01a5288cd0fc1f9613b84628)] -> partial link text: Computers]
2021-06-28 20:06:587 INFO  BasePage :33 - Launching Chrome Browser 
2021-06-28 20:06:554 INFO  DesktopPage :45 - Clicking on electronics link : [[ChromeDriver: chrome on WINDOWS (9b94d5a9c422a8406e196a69bee3a977)] -> link text: Electronics]
2021-06-28 20:06:587 INFO  DesktopPage :61 - Verify user navigate to electronic page successfully : [[ChromeDriver: chrome on WINDOWS (9b94d5a9c422a8406e196a69bee3a977)] -> partial link text: Electronics]
2021-06-28 20:06:708 INFO  BasePage :33 - Launching Chrome Browser 
2021-06-28 20:06:780 INFO  DesktopPage :51 - Clicking on apparel link : [[ChromeDriver: chrome on WINDOWS (c5440ab47946d20825b2d5200b6efaf3)] -> link text: Apparel]
2021-06-28 20:06:823 INFO  DesktopPage :66 - Verify user navigate to apparel page successfully : [[ChromeDriver: chrome on WINDOWS (c5440ab47946d20825b2d5200b6efaf3)] -> partial link text: Apparel]
2021-06-28 20:06:798 INFO  BasePage :33 - Launching Chrome Browser 
2021-06-28 20:06:790 INFO  DesktopPage :57 - Clicking on digital downloads link : [[ChromeDriver: chrome on WINDOWS (1e1c2e2793b22643622f0442698f4afe)] -> link text: Digital downloads]
2021-06-28 20:06:820 INFO  DesktopPage :71 - Verify user navigate to digitaldownloads page successfully : [[ChromeDriver: chrome on WINDOWS (1e1c2e2793b22643622f0442698f4afe)] -> partial link text: Digital downloads]
2021-06-28 20:06:875 INFO  BasePage :33 - Launching Chrome Browser 
2021-06-28 20:06:983 INFO  DesktopPage :62 - Clicking books link : [[ChromeDriver: chrome on WINDOWS (1e1a9ddd98240d9aa7adf08e881e251a)] -> link text: Books]
2021-06-28 20:06:27 INFO  DesktopPage :76 - Verify user navigate to books page successfully : [[ChromeDriver: chrome on WINDOWS (1e1a9ddd98240d9aa7adf08e881e251a)] -> partial link text: Digital downloads]
2021-06-28 20:06:19 INFO  BasePage :33 - Launching Chrome Browser 
2021-06-28 20:06:77 INFO  DesktopPage :68 - Clicking on jewelry link : [[ChromeDriver: chrome on WINDOWS (e82f9d5b20813729680fce476ce21d3a)] -> link text: Jewelry]
2021-06-28 20:06:109 INFO  DesktopPage :81 - Verify user navigate to jewelry page successfully : [[ChromeDriver: chrome on WINDOWS (e82f9d5b20813729680fce476ce21d3a)] -> partial link text: Jewelry]
2021-06-28 20:06:154 INFO  BasePage :33 - Launching Chrome Browser 
2021-06-28 20:06:771 INFO  DesktopPage :74 - Clicking on giftcards link : [[ChromeDriver: chrome on WINDOWS (1d43ed9b9a7b6df06c6b21efce12585a)] -> link text: Gift Cards]
2021-06-28 20:06:805 INFO  DesktopPage :86 - Verify user navigate to giftcards page successfully : [[ChromeDriver: chrome on WINDOWS (1d43ed9b9a7b6df06c6b21efce12585a)] -> partial link text: Gift Cards]
2021-06-28 21:06:482 INFO  BasePage :33 - Launching Chrome Browser 
2021-06-28 21:06:602 INFO  DesktopPage :39 - Clicking on computer lin : [[ChromeDriver: chrome on WINDOWS (660b26963f649f1ca55b1d6becd90ff3)] -> link text: Computers]
2021-06-28 21:06:207 INFO  DesktopPage :31 - Click on Desktop : [[ChromeDriver: chrome on WINDOWS (660b26963f649f1ca55b1d6becd90ff3)] -> link text: Desktops]
2021-06-28 21:06:781 INFO  DesktopPage :36 - Select On Alphabeticaly Reverse : [[ChromeDriver: chrome on WINDOWS (660b26963f649f1ca55b1d6becd90ff3)] -> id: products-orderby]
2021-06-28 21:06:847 INFO  DesktopPage :40 - Verify product Desceding Order : [[[ChromeDriver: chrome on WINDOWS (660b26963f649f1ca55b1d6becd90ff3)] -> xpath: //h2[@class='product-title']], [[ChromeDriver: chrome on WINDOWS (660b26963f649f1ca55b1d6becd90ff3)] -> xpath: //h2[@class='product-title']], [[ChromeDriver: chrome on WINDOWS (660b26963f649f1ca55b1d6becd90ff3)] -> xpath: //h2[@class='product-title']]]
2021-06-28 21:06:335 INFO  BasePage :33 - Launching Chrome Browser 
2021-06-28 21:06:229 INFO  DesktopPage :39 - Clicking on computer lin : [[ChromeDriver: chrome on WINDOWS (767216dbe86f35e68411a49cfd3e0387)] -> link text: Computers]
2021-06-28 21:06:218 INFO  DesktopPage :31 - Click on Desktop : [[ChromeDriver: chrome on WINDOWS (767216dbe86f35e68411a49cfd3e0387)] -> link text: Desktops]
2021-06-28 21:06:982 INFO  DesktopPage :46 - Select On Alphabeticaly : [[ChromeDriver: chrome on WINDOWS (767216dbe86f35e68411a49cfd3e0387)] -> id: products-orderby]
2021-06-28 21:06:529 INFO  DesktopPage :53 - Add to cart : [[ChromeDriver: chrome on WINDOWS (767216dbe86f35e68411a49cfd3e0387)] -> xpath: //div[@class='item-box'][1]//button[text()='Add to cart']]
2021-06-28 21:06:936 INFO  BuildYourOwnComputerProductPage :40 - Build Your Computer : [[ChromeDriver: chrome on WINDOWS (767216dbe86f35e68411a49cfd3e0387)] -> xpath: //h1[contains(text(),'Build your own computer')]]
2021-06-28 21:06:798 INFO  BuildYourOwnComputerProductPage :45 - Select The Processer : [[ChromeDriver: chrome on WINDOWS (767216dbe86f35e68411a49cfd3e0387)] -> id: product_attribute_1]
2021-06-28 21:06:363 INFO  BuildYourOwnComputerProductPage :50 - Set Select Ram : [[ChromeDriver: chrome on WINDOWS (767216dbe86f35e68411a49cfd3e0387)] -> xpath: //select[@id='product_attribute_2']]
2021-06-28 21:06:697 INFO  BuildYourOwnComputerProductPage :55 - On Hdd: [[ChromeDriver: chrome on WINDOWS (767216dbe86f35e68411a49cfd3e0387)] -> xpath: //dd[@id='product_attribute_input_3']//label[text()='400 GB [+$100.00]']]
2021-06-28 21:06:969 INFO  BuildYourOwnComputerProductPage :60 - On Os Radio: [[ChromeDriver: chrome on WINDOWS (767216dbe86f35e68411a49cfd3e0387)] -> xpath: //input[@id='product_attribute_4_9']]
2021-06-28 21:06:281 INFO  BuildYourOwnComputerProductPage :65 - Microsoft Office: [[ChromeDriver: chrome on WINDOWS (767216dbe86f35e68411a49cfd3e0387)] -> xpath: //input[@id='product_attribute_5_10']]
2021-06-28 21:06:605 INFO  BuildYourOwnComputerProductPage :70 - Total Commender: [[ChromeDriver: chrome on WINDOWS (767216dbe86f35e68411a49cfd3e0387)] -> xpath: //input[@name='product_attribute_5' and @id='product_attribute_5_12']]
2021-06-28 21:06:687 INFO  BuildYourOwnComputerProductPage :74 - Verify Price : [[ChromeDriver: chrome on WINDOWS (767216dbe86f35e68411a49cfd3e0387)] -> xpath: //span[@id='price-value-1']]
2021-06-28 21:06:566 INFO  BasePage :33 - Launching Chrome Browser 
2021-06-28 21:06:334 INFO  DesktopPage :39 - Clicking on computer lin : [[ChromeDriver: chrome on WINDOWS (337979928abe3bf0ea8ce4943c301c72)] -> link text: Computers]
2021-06-28 21:06:477 INFO  DesktopPage :56 - Verify user navigate to computer page successfully : [[ChromeDriver: chrome on WINDOWS (337979928abe3bf0ea8ce4943c301c72)] -> partial link text: Computers]
2021-06-28 21:06:52 INFO  BasePage :33 - Launching Chrome Browser 
2021-06-28 21:06:424 INFO  DesktopPage :45 - Clicking on electronics link : [[ChromeDriver: chrome on WINDOWS (9951e9b423977e22f0adc5b8336902a9)] -> link text: Electronics]
2021-06-28 21:06:536 INFO  DesktopPage :61 - Verify user navigate to electronic page successfully : [[ChromeDriver: chrome on WINDOWS (9951e9b423977e22f0adc5b8336902a9)] -> partial link text: Electronics]
2021-06-28 21:06:884 INFO  BasePage :33 - Launching Chrome Browser 
2021-06-28 21:06:52 INFO  DesktopPage :39 - Clicking on computer lin : [[ChromeDriver: chrome on WINDOWS (14b131c842b4c1759908a1df33c9a9f8)] -> link text: Computers]
2021-06-28 21:06:674 INFO  DesktopPage :31 - Click on Desktop : [[ChromeDriver: chrome on WINDOWS (14b131c842b4c1759908a1df33c9a9f8)] -> link text: Desktops]
2021-06-28 21:06:206 INFO  DesktopPage :36 - Select On Alphabeticaly Reverse : [[ChromeDriver: chrome on WINDOWS (14b131c842b4c1759908a1df33c9a9f8)] -> id: products-orderby]
2021-06-28 21:06:279 INFO  DesktopPage :40 - Verify product Desceding Order : [[[ChromeDriver: chrome on WINDOWS (14b131c842b4c1759908a1df33c9a9f8)] -> xpath: //h2[@class='product-title']], [[ChromeDriver: chrome on WINDOWS (14b131c842b4c1759908a1df33c9a9f8)] -> xpath: //h2[@class='product-title']], [[ChromeDriver: chrome on WINDOWS (14b131c842b4c1759908a1df33c9a9f8)] -> xpath: //h2[@class='product-title']]]
2021-06-28 21:06:712 INFO  BasePage :33 - Launching Chrome Browser 
2021-06-28 21:06:448 INFO  DesktopPage :39 - Clicking on computer lin : [[ChromeDriver: chrome on WINDOWS (10532bb65d7a9328ba4814f78bf86a20)] -> link text: Computers]
2021-06-28 21:06:857 INFO  DesktopPage :31 - Click on Desktop : [[ChromeDriver: chrome on WINDOWS (10532bb65d7a9328ba4814f78bf86a20)] -> link text: Desktops]
2021-06-28 21:06:533 INFO  DesktopPage :46 - Select On Alphabeticaly : [[ChromeDriver: chrome on WINDOWS (10532bb65d7a9328ba4814f78bf86a20)] -> id: products-orderby]
2021-06-28 21:06:912 INFO  DesktopPage :53 - Add to cart : [[ChromeDriver: chrome on WINDOWS (10532bb65d7a9328ba4814f78bf86a20)] -> xpath: //div[@class='item-box'][1]//button[text()='Add to cart']]
2021-06-28 21:06:42 INFO  BuildYourOwnComputerProductPage :40 - Build Your Computer : Proxy element for: DefaultElementLocator 'By.xpath: //h1[contains(text(),'Build your own computer')]'
2021-06-28 21:06:889 INFO  BasePage :33 - Launching Chrome Browser 
2021-06-28 21:06:792 INFO  DesktopPage :39 - Clicking on computer lin : [[ChromeDriver: chrome on WINDOWS (72d67d31d16ad0e32c7db4878d47c6ad)] -> link text: Computers]
2021-06-28 21:06:907 INFO  DesktopPage :56 - Verify user navigate to computer page successfully : [[ChromeDriver: chrome on WINDOWS (72d67d31d16ad0e32c7db4878d47c6ad)] -> partial link text: Computers]
2021-06-28 21:06:963 INFO  BasePage :33 - Launching Chrome Browser 
2021-06-28 21:06:598 INFO  DesktopPage :45 - Clicking on electronics link : [[ChromeDriver: chrome on WINDOWS (d5c36b9995eda94869220e609a43ea92)] -> link text: Electronics]
2021-06-28 21:06:705 INFO  DesktopPage :61 - Verify user navigate to electronic page successfully : [[ChromeDriver: chrome on WINDOWS (d5c36b9995eda94869220e609a43ea92)] -> partial link text: Electronics]
2021-06-28 21:06:280 INFO  BasePage :33 - Launching Chrome Browser 
2021-06-28 21:06:63 INFO  DesktopPage :51 - Clicking on apparel link : [[ChromeDriver: chrome on WINDOWS (aa985ca6a9b250373806182c744c23a6)] -> link text: Apparel]
2021-06-28 21:06:178 INFO  DesktopPage :66 - Verify user navigate to apparel page successfully : [[ChromeDriver: chrome on WINDOWS (aa985ca6a9b250373806182c744c23a6)] -> partial link text: Apparel]
2021-06-28 21:06:167 INFO  BasePage :33 - Launching Chrome Browser 
2021-06-28 21:06:73 INFO  DesktopPage :57 - Clicking on digital downloads link : [[ChromeDriver: chrome on WINDOWS (c479d51de6f5d1804058256a20d2067c)] -> link text: Digital downloads]
2021-06-28 21:06:197 INFO  DesktopPage :71 - Verify user navigate to digitaldownloads page successfully : [[ChromeDriver: chrome on WINDOWS (c479d51de6f5d1804058256a20d2067c)] -> partial link text: Digital downloads]
2021-06-28 21:06:912 INFO  BasePage :33 - Launching Chrome Browser 
2021-06-28 21:06:239 INFO  DesktopPage :39 - Clicking on computer lin : [[ChromeDriver: chrome on WINDOWS (9c2fdb023be428f68de77ad02e420edd)] -> link text: Computers]
2021-06-28 21:06:296 INFO  DesktopPage :31 - Click on Desktop : [[ChromeDriver: chrome on WINDOWS (9c2fdb023be428f68de77ad02e420edd)] -> link text: Desktops]
2021-06-28 21:06:846 INFO  DesktopPage :36 - Select On Alphabeticaly Reverse : [[ChromeDriver: chrome on WINDOWS (9c2fdb023be428f68de77ad02e420edd)] -> id: products-orderby]
2021-06-28 21:06:912 INFO  DesktopPage :40 - Verify product Desceding Order : [[[ChromeDriver: chrome on WINDOWS (9c2fdb023be428f68de77ad02e420edd)] -> xpath: //h2[@class='product-title']], [[ChromeDriver: chrome on WINDOWS (9c2fdb023be428f68de77ad02e420edd)] -> xpath: //h2[@class='product-title']], [[ChromeDriver: chrome on WINDOWS (9c2fdb023be428f68de77ad02e420edd)] -> xpath: //h2[@class='product-title']]]
2021-06-28 21:06:344 INFO  BasePage :33 - Launching Chrome Browser 
2021-06-28 21:06:459 INFO  DesktopPage :39 - Clicking on computer lin : [[ChromeDriver: chrome on WINDOWS (eb88f6de5d574dcec19a5fc305761fa2)] -> link text: Computers]
2021-06-28 21:06:16 INFO  DesktopPage :31 - Click on Desktop : [[ChromeDriver: chrome on WINDOWS (eb88f6de5d574dcec19a5fc305761fa2)] -> link text: Desktops]
2021-06-28 21:06:656 INFO  DesktopPage :46 - Select On Alphabeticaly : [[ChromeDriver: chrome on WINDOWS (eb88f6de5d574dcec19a5fc305761fa2)] -> id: products-orderby]
2021-06-28 21:06:25 INFO  DesktopPage :53 - Add to cart : [[ChromeDriver: chrome on WINDOWS (eb88f6de5d574dcec19a5fc305761fa2)] -> xpath: //div[@class='item-box'][1]//button[text()='Add to cart']]
2021-06-28 21:06:146 INFO  BuildYourOwnComputerProductPage :40 - Build Your Computer : Proxy element for: DefaultElementLocator 'By.xpath: //h1[contains(text(),'Build your own computer')]'
2021-06-28 21:06:115 INFO  BasePage :33 - Launching Chrome Browser 
2021-06-28 21:06:659 INFO  DesktopPage :39 - Clicking on computer lin : [[ChromeDriver: chrome on WINDOWS (f82ea79ce6c5c8a208b46727348c7b5c)] -> link text: Computers]
2021-06-28 21:06:804 INFO  DesktopPage :56 - Verify user navigate to computer page successfully : [[ChromeDriver: chrome on WINDOWS (f82ea79ce6c5c8a208b46727348c7b5c)] -> partial link text: Computers]
2021-06-28 21:06:44 INFO  BasePage :33 - Launching Chrome Browser 
2021-06-28 21:06:81 INFO  DesktopPage :39 - Clicking on computer lin : [[ChromeDriver: chrome on WINDOWS (d99410b415d7fb19b238b03023dd196f)] -> link text: Computers]
2021-06-28 21:06:195 INFO  DesktopPage :31 - Click on Desktop : [[ChromeDriver: chrome on WINDOWS (d99410b415d7fb19b238b03023dd196f)] -> link text: Desktops]
2021-06-28 21:06:697 INFO  DesktopPage :36 - Select On Alphabeticaly Reverse : [[ChromeDriver: chrome on WINDOWS (d99410b415d7fb19b238b03023dd196f)] -> id: products-orderby]
2021-06-28 21:06:795 INFO  DesktopPage :40 - Verify product Desceding Order : [[[ChromeDriver: chrome on WINDOWS (d99410b415d7fb19b238b03023dd196f)] -> xpath: //h2[@class='product-title']], [[ChromeDriver: chrome on WINDOWS (d99410b415d7fb19b238b03023dd196f)] -> xpath: //h2[@class='product-title']], [[ChromeDriver: chrome on WINDOWS (d99410b415d7fb19b238b03023dd196f)] -> xpath: //h2[@class='product-title']]]
2021-06-28 21:06:311 INFO  BasePage :33 - Launching Chrome Browser 
2021-06-28 21:06:588 INFO  DesktopPage :39 - Clicking on computer lin : [[ChromeDriver: chrome on WINDOWS (e147627cd5855e0676c3563315512688)] -> link text: Computers]
2021-06-28 21:06:23 INFO  DesktopPage :31 - Click on Desktop : [[ChromeDriver: chrome on WINDOWS (e147627cd5855e0676c3563315512688)] -> link text: Desktops]
2021-06-28 21:06:558 INFO  DesktopPage :46 - Select On Alphabeticaly : [[ChromeDriver: chrome on WINDOWS (e147627cd5855e0676c3563315512688)] -> id: products-orderby]
2021-06-28 21:06:625 INFO  DesktopPage :53 - Add to cart : [[ChromeDriver: chrome on WINDOWS (e147627cd5855e0676c3563315512688)] -> xpath: //div[@class='item-box'][1]//button[text()='Add to cart']]
2021-06-28 21:06:752 INFO  BuildYourOwnComputerProductPage :40 - Build Your Computer : Proxy element for: DefaultElementLocator 'By.xpath: //h1[contains(text(),'Build your own computer')]'
2021-06-28 21:06:300 INFO  BasePage :33 - Launching Chrome Browser 
2021-06-28 21:06:891 INFO  DesktopPage :39 - Clicking on computer lin : [[ChromeDriver: chrome on WINDOWS (f7cd683ecf28d5b26cf3d1e841c2b2cc)] -> link text: Computers]
2021-06-28 21:06:19 INFO  DesktopPage :56 - Verify user navigate to computer page successfully : [[ChromeDriver: chrome on WINDOWS (f7cd683ecf28d5b26cf3d1e841c2b2cc)] -> partial link text: Computers]
2021-06-28 21:06:535 INFO  BasePage :33 - Launching Chrome Browser 
2021-06-28 21:06:495 INFO  DesktopPage :45 - Clicking on electronics link : [[ChromeDriver: chrome on WINDOWS (052549cd5c6ea3dd8af6308ddf4a7915)] -> link text: Electronics]
2021-06-28 21:06:629 INFO  DesktopPage :61 - Verify user navigate to electronic page successfully : [[ChromeDriver: chrome on WINDOWS (052549cd5c6ea3dd8af6308ddf4a7915)] -> partial link text: Electronics]
2021-06-28 21:06:138 INFO  BasePage :33 - Launching Chrome Browser 
2021-06-28 21:06:465 INFO  DesktopPage :51 - Clicking on apparel link : [[ChromeDriver: chrome on WINDOWS (c3ea14c195bfef0568f50a7e407e7bd2)] -> link text: Apparel]
2021-06-28 21:06:550 INFO  DesktopPage :66 - Verify user navigate to apparel page successfully : [[ChromeDriver: chrome on WINDOWS (c3ea14c195bfef0568f50a7e407e7bd2)] -> partial link text: Apparel]
2021-06-28 21:06:560 INFO  BasePage :33 - Launching Chrome Browser 
2021-06-28 21:06:618 INFO  DesktopPage :57 - Clicking on digital downloads link : [[ChromeDriver: chrome on WINDOWS (8984d72c00bbd75f26750578c6d0f632)] -> link text: Digital downloads]
2021-06-28 21:06:699 INFO  DesktopPage :71 - Verify user navigate to digitaldownloads page successfully : [[ChromeDriver: chrome on WINDOWS (8984d72c00bbd75f26750578c6d0f632)] -> partial link text: Digital downloads]
2021-06-28 21:06:324 INFO  BasePage :33 - Launching Chrome Browser 
2021-06-28 21:06:581 INFO  DesktopPage :62 - Clicking books link : [[ChromeDriver: chrome on WINDOWS (dffdca6a21becc62254d897e87691d2d)] -> link text: Books]
2021-06-28 21:06:744 INFO  DesktopPage :76 - Verify user navigate to books page successfully : [[ChromeDriver: chrome on WINDOWS (dffdca6a21becc62254d897e87691d2d)] -> partial link text: Digital downloads]
2021-06-28 21:06:857 INFO  BasePage :33 - Launching Chrome Browser 
2021-06-28 21:06:904 INFO  DesktopPage :68 - Clicking on jewelry link : [[ChromeDriver: chrome on WINDOWS (ffc73ac109e7b2f108a2f04e3b26368d)] -> link text: Jewelry]
2021-06-28 21:06:17 INFO  DesktopPage :81 - Verify user navigate to jewelry page successfully : [[ChromeDriver: chrome on WINDOWS (ffc73ac109e7b2f108a2f04e3b26368d)] -> partial link text: Jewelry]
2021-06-28 21:06:693 INFO  BasePage :33 - Launching Chrome Browser 
2021-06-28 21:06:75 INFO  DesktopPage :74 - Clicking on giftcards link : [[ChromeDriver: chrome on WINDOWS (a226f283c57ba0e5729ec28e3c5515eb)] -> link text: Gift Cards]
2021-06-28 21:06:197 INFO  DesktopPage :86 - Verify user navigate to giftcards page successfully : [[ChromeDriver: chrome on WINDOWS (a226f283c57ba0e5729ec28e3c5515eb)] -> partial link text: Gift Cards]
2021-06-28 21:06:252 INFO  BasePage :33 - Launching Chrome Browser 
2021-06-28 21:06:127 INFO  DesktopPage :39 - Clicking on computer lin : [[ChromeDriver: chrome on WINDOWS (998967647f2f5b614f3f57b84e443983)] -> link text: Computers]
2021-06-28 21:06:898 INFO  DesktopPage :31 - Click on Desktop : [[ChromeDriver: chrome on WINDOWS (998967647f2f5b614f3f57b84e443983)] -> link text: Desktops]
2021-06-28 21:06:485 INFO  DesktopPage :36 - Select On Alphabeticaly Reverse : [[ChromeDriver: chrome on WINDOWS (998967647f2f5b614f3f57b84e443983)] -> id: products-orderby]
2021-06-28 21:06:568 INFO  DesktopPage :40 - Verify product Desceding Order : [[[ChromeDriver: chrome on WINDOWS (998967647f2f5b614f3f57b84e443983)] -> xpath: //h2[@class='product-title']], [[ChromeDriver: chrome on WINDOWS (998967647f2f5b614f3f57b84e443983)] -> xpath: //h2[@class='product-title']], [[ChromeDriver: chrome on WINDOWS (998967647f2f5b614f3f57b84e443983)] -> xpath: //h2[@class='product-title']]]
2021-06-28 21:06:103 INFO  BasePage :33 - Launching Chrome Browser 
2021-06-28 21:06:469 INFO  DesktopPage :39 - Clicking on computer lin : [[ChromeDriver: chrome on WINDOWS (980e2c230a5f6978b6238675d5e5179b)] -> link text: Computers]
2021-06-28 21:06:694 INFO  DesktopPage :31 - Click on Desktop : [[ChromeDriver: chrome on WINDOWS (980e2c230a5f6978b6238675d5e5179b)] -> link text: Desktops]
2021-06-28 21:06:856 INFO  DesktopPage :46 - Select On Alphabeticaly : [[ChromeDriver: chrome on WINDOWS (980e2c230a5f6978b6238675d5e5179b)] -> id: products-orderby]
2021-06-28 21:06:46 INFO  DesktopPage :53 - Add to cart : [[ChromeDriver: chrome on WINDOWS (980e2c230a5f6978b6238675d5e5179b)] -> xpath: //div[@class='item-box'][1]//button[text()='Add to cart']]
2021-06-28 21:06:142 INFO  BuildYourOwnComputerProductPage :40 - Build Your Computer : Proxy element for: DefaultElementLocator 'By.xpath: //h1[contains(text(),'Build your own computer')]'
2021-06-28 21:06:723 INFO  BasePage :33 - Launching Chrome Browser 
2021-06-28 21:06:745 INFO  DesktopPage :39 - Clicking on computer lin : [[ChromeDriver: chrome on WINDOWS (d60e6930c4f8946da9a7665486e5af2e)] -> link text: Computers]
2021-06-28 21:06:776 INFO  DesktopPage :56 - Verify user navigate to computer page successfully : [[ChromeDriver: chrome on WINDOWS (d60e6930c4f8946da9a7665486e5af2e)] -> partial link text: Computers]
2021-06-28 21:06:973 INFO  BasePage :33 - Launching Chrome Browser 
2021-06-28 21:06:809 INFO  DesktopPage :45 - Clicking on electronics link : [[ChromeDriver: chrome on WINDOWS (f582b2bc767e806d7fda5f04ae5ec566)] -> link text: Electronics]
2021-06-28 21:06:835 INFO  DesktopPage :61 - Verify user navigate to electronic page successfully : [[ChromeDriver: chrome on WINDOWS (f582b2bc767e806d7fda5f04ae5ec566)] -> partial link text: Electronics]
2021-06-28 21:06:998 INFO  BasePage :33 - Launching Chrome Browser 
2021-06-28 21:06:520 INFO  DesktopPage :51 - Clicking on apparel link : [[ChromeDriver: chrome on WINDOWS (a298c34094a768c370e2bbd4bf937165)] -> link text: Apparel]
2021-06-28 21:06:557 INFO  DesktopPage :66 - Verify user navigate to apparel page successfully : [[ChromeDriver: chrome on WINDOWS (a298c34094a768c370e2bbd4bf937165)] -> partial link text: Apparel]
2021-06-28 21:06:772 INFO  BasePage :33 - Launching Chrome Browser 
2021-06-28 21:06:637 INFO  BasePage :33 - Launching Chrome Browser 
2021-06-28 21:06:379 INFO  DesktopPage :39 - Clicking on computer lin : [[ChromeDriver: chrome on WINDOWS (cf5a633dece387819bd56df400476241)] -> link text: Computers]
2021-06-28 21:06:130 INFO  DesktopPage :31 - Click on Desktop : [[ChromeDriver: chrome on WINDOWS (cf5a633dece387819bd56df400476241)] -> link text: Desktops]
2021-06-28 21:06:655 INFO  DesktopPage :46 - Select On Alphabeticaly : [[ChromeDriver: chrome on WINDOWS (cf5a633dece387819bd56df400476241)] -> id: products-orderby]
2021-06-28 21:06:694 INFO  DesktopPage :52 - Add to cart : [[ChromeDriver: chrome on WINDOWS (cf5a633dece387819bd56df400476241)] -> xpath: //div[@class='item-box'][1]//button[text()='Add to cart']]
2021-06-28 21:06:969 INFO  BuildYourOwnComputerProductPage :40 - Build Your Computer : Proxy element for: DefaultElementLocator 'By.xpath: //h1[contains(text(),'Build your own computer')]'
2021-06-28 21:06:839 INFO  BasePage :33 - Launching Chrome Browser 
2021-06-28 21:06:581 INFO  DesktopPage :39 - Clicking on computer lin : [[ChromeDriver: chrome on WINDOWS (4ed589544885895d322dcc360343fcad)] -> link text: Computers]
2021-06-28 21:06:653 INFO  DesktopPage :56 - Verify user navigate to computer page successfully : [[ChromeDriver: chrome on WINDOWS (4ed589544885895d322dcc360343fcad)] -> partial link text: Computers]
2021-06-28 21:06:573 INFO  BasePage :33 - Launching Chrome Browser 
2021-06-28 21:06:616 INFO  DesktopPage :45 - Clicking on electronics link : [[ChromeDriver: chrome on WINDOWS (73c93067e2a530e6ca1c346da4a5f900)] -> link text: Electronics]
2021-06-28 21:06:666 INFO  DesktopPage :61 - Verify user navigate to electronic page successfully : [[ChromeDriver: chrome on WINDOWS (73c93067e2a530e6ca1c346da4a5f900)] -> partial link text: Electronics]
2021-06-28 21:06:51 INFO  BasePage :33 - Launching Chrome Browser 
2021-06-28 21:06:642 INFO  DesktopPage :51 - Clicking on apparel link : [[ChromeDriver: chrome on WINDOWS (5c7561c6baf73c95f375add166b85727)] -> link text: Apparel]
2021-06-28 21:06:754 INFO  DesktopPage :66 - Verify user navigate to apparel page successfully : [[ChromeDriver: chrome on WINDOWS (5c7561c6baf73c95f375add166b85727)] -> partial link text: Apparel]
2021-06-28 21:06:595 INFO  BasePage :33 - Launching Chrome Browser 
2021-06-28 23:06:953 INFO  BasePage :33 - Launching Chrome Browser 
2021-06-28 23:06:955 INFO  DesktopPage :39 - Clicking on computer lin : [[ChromeDriver: chrome on WINDOWS (7cc0c5599943a3a6db841f3d5f4338f7)] -> link text: Computers]
2021-06-28 23:06:989 INFO  DesktopPage :31 - Click on Desktop : [[ChromeDriver: chrome on WINDOWS (7cc0c5599943a3a6db841f3d5f4338f7)] -> link text: Desktops]
2021-06-28 23:06:460 INFO  DesktopPage :46 - Select On Alphabeticaly : [[ChromeDriver: chrome on WINDOWS (7cc0c5599943a3a6db841f3d5f4338f7)] -> id: products-orderby]
2021-06-28 23:06:512 INFO  DesktopPage :52 - Add to cart : [[ChromeDriver: chrome on WINDOWS (7cc0c5599943a3a6db841f3d5f4338f7)] -> xpath: //div[@class='item-box'][1]//button[text()='Add to cart']]
2021-06-28 23:06:836 INFO  BuildYourOwnComputerProductPage :40 - Build Your Computer : Proxy element for: DefaultElementLocator 'By.xpath: //h1[contains(text(),'Build your own computer')]'
2021-06-28 23:06:641 INFO  BasePage :33 - Launching Chrome Browser 
2021-06-28 23:06:338 INFO  DesktopPage :39 - Clicking on computer lin : [[ChromeDriver: chrome on WINDOWS (316684108c1db6f4eef8bf48b044c23c)] -> link text: Computers]
2021-06-28 23:06:476 INFO  DesktopPage :56 - Verify user navigate to computer page successfully : [[ChromeDriver: chrome on WINDOWS (316684108c1db6f4eef8bf48b044c23c)] -> partial link text: Computers]
2021-06-28 23:06:37 INFO  BasePage :33 - Launching Chrome Browser 
2021-06-28 23:06:715 INFO  DesktopPage :45 - Clicking on electronics link : [[ChromeDriver: chrome on WINDOWS (333855a3853e887cba19b1f845b73903)] -> link text: Electronics]
2021-06-28 23:06:805 INFO  DesktopPage :61 - Verify user navigate to electronic page successfully : [[ChromeDriver: chrome on WINDOWS (333855a3853e887cba19b1f845b73903)] -> partial link text: Electronics]
2021-06-28 23:06:516 INFO  BasePage :33 - Launching Chrome Browser 
2021-06-28 23:06:329 INFO  DesktopPage :51 - Clicking on apparel link : [[ChromeDriver: chrome on WINDOWS (021f8da9827b5a1e967eb91ade7e53ff)] -> link text: Apparel]
2021-06-28 23:06:461 INFO  DesktopPage :66 - Verify user navigate to apparel page successfully : [[ChromeDriver: chrome on WINDOWS (021f8da9827b5a1e967eb91ade7e53ff)] -> partial link text: Apparel]
2021-06-28 23:06:392 INFO  BasePage :33 - Launching Chrome Browser 
2021-06-28 23:06:580 INFO  BasePage :33 - Launching Chrome Browser 
2021-06-28 23:06:90 INFO  DesktopPage :62 - Clicking books link : [[ChromeDriver: chrome on WINDOWS (7d5eb653d9bc18e159edc4575f72021a)] -> link text: Books]
2021-06-28 23:06:176 INFO  DesktopPage :76 - Verify user navigate to books page successfully : [[ChromeDriver: chrome on WINDOWS (7d5eb653d9bc18e159edc4575f72021a)] -> partial link text: Digital downloads]
2021-06-28 23:06:421 INFO  BasePage :33 - Launching Chrome Browser 
2021-06-28 23:06:552 INFO  DesktopPage :68 - Clicking on jewelry link : [[ChromeDriver: chrome on WINDOWS (bb80d63727821bb1eab949b6c51dfe89)] -> link text: Jewelry]
2021-06-28 23:06:632 INFO  DesktopPage :81 - Verify user navigate to jewelry page successfully : [[ChromeDriver: chrome on WINDOWS (bb80d63727821bb1eab949b6c51dfe89)] -> partial link text: Jewelry]
2021-06-28 23:06:325 INFO  BasePage :33 - Launching Chrome Browser 
2021-06-28 23:06:60 INFO  DesktopPage :39 - Clicking on computer lin : [[ChromeDriver: chrome on WINDOWS (17d50862248e3774a59d555a8cdc9081)] -> link text: Computers]
2021-06-28 23:06:717 INFO  DesktopPage :31 - Click on Desktop : [[ChromeDriver: chrome on WINDOWS (17d50862248e3774a59d555a8cdc9081)] -> link text: Desktops]
2021-06-28 23:06:169 INFO  DesktopPage :46 - Select On Alphabeticaly : [[ChromeDriver: chrome on WINDOWS (17d50862248e3774a59d555a8cdc9081)] -> id: products-orderby]
2021-06-28 23:06:231 INFO  DesktopPage :52 - Add to cart : [[ChromeDriver: chrome on WINDOWS (17d50862248e3774a59d555a8cdc9081)] -> xpath: //div[@class='item-box'][1]//button[text()='Add to cart']]
2021-06-28 23:06:521 INFO  BuildYourOwnComputerProductPage :40 - Build Your Computer : Proxy element for: DefaultElementLocator 'By.xpath: //h1[contains(text(),'Build your own computer')]'
2021-06-28 23:06:157 INFO  BasePage :33 - Launching Chrome Browser 
2021-06-28 23:06:628 INFO  DesktopPage :39 - Clicking on computer lin : [[ChromeDriver: chrome on WINDOWS (6d768373b3a9f0084119b3b67ee362e3)] -> link text: Computers]
2021-06-28 23:06:179 INFO  DesktopPage :31 - Click on Desktop : [[ChromeDriver: chrome on WINDOWS (6d768373b3a9f0084119b3b67ee362e3)] -> link text: Desktops]
2021-06-28 23:06:587 INFO  DesktopPage :46 - Select On Alphabeticaly : [[ChromeDriver: chrome on WINDOWS (6d768373b3a9f0084119b3b67ee362e3)] -> id: products-orderby]
2021-06-28 23:06:640 INFO  DesktopPage :52 - Add to cart : [[ChromeDriver: chrome on WINDOWS (6d768373b3a9f0084119b3b67ee362e3)] -> xpath: //div[@class='item-box'][1]//button[text()='Add to cart']]
2021-06-28 23:06:914 INFO  BuildYourOwnComputerProductPage :40 - Build Your Computer : Proxy element for: DefaultElementLocator 'By.xpath: //h1[contains(text(),'Build your own computer')]'
2021-06-28 23:06:353 INFO  BasePage :33 - Launching Chrome Browser 
2021-06-28 23:06:520 INFO  DesktopPage :39 - Clicking on computer lin : [[ChromeDriver: chrome on WINDOWS (5af2f7b6083dcc8e5080d38ffdc1fbf6)] -> link text: Computers]
2021-06-28 23:06:53 INFO  DesktopPage :31 - Click on Desktop : [[ChromeDriver: chrome on WINDOWS (5af2f7b6083dcc8e5080d38ffdc1fbf6)] -> link text: Desktops]
2021-06-28 23:06:354 INFO  DesktopPage :46 - Select On Alphabeticaly : [[ChromeDriver: chrome on WINDOWS (5af2f7b6083dcc8e5080d38ffdc1fbf6)] -> id: products-orderby]
2021-06-28 23:06:735 INFO  BasePage :33 - Launching Chrome Browser 
2021-06-28 23:06:394 INFO  DesktopPage :39 - Clicking on computer lin : [[ChromeDriver: chrome on WINDOWS (3913b0710e6ab0f9093db6e849415540)] -> link text: Computers]
2021-06-28 23:06:963 INFO  DesktopPage :31 - Click on Desktop : [[ChromeDriver: chrome on WINDOWS (3913b0710e6ab0f9093db6e849415540)] -> link text: Desktops]
2021-06-28 23:06:231 INFO  DesktopPage :46 - Select On Alphabeticaly : [[ChromeDriver: chrome on WINDOWS (3913b0710e6ab0f9093db6e849415540)] -> id: products-orderby]
2021-06-28 23:06:785 INFO  DesktopPage :51 - Add to cart : [[ChromeDriver: chrome on WINDOWS (3913b0710e6ab0f9093db6e849415540)] -> xpath: //div[@class='item-box'][1]//button[text()='Add to cart']]
2021-06-28 23:06:946 INFO  BasePage :33 - Launching Chrome Browser 
2021-06-28 23:06:319 INFO  DesktopPage :39 - Clicking on computer lin : [[ChromeDriver: chrome on WINDOWS (e8c9c7ddcca7e6c61f71d1f0a381ba3c)] -> link text: Computers]
2021-06-28 23:06:986 INFO  DesktopPage :31 - Click on Desktop : [[ChromeDriver: chrome on WINDOWS (e8c9c7ddcca7e6c61f71d1f0a381ba3c)] -> link text: Desktops]
2021-06-28 23:06:310 INFO  DesktopPage :46 - Select On Alphabeticaly : [[ChromeDriver: chrome on WINDOWS (e8c9c7ddcca7e6c61f71d1f0a381ba3c)] -> id: products-orderby]
2021-06-28 23:06:466 INFO  DesktopPage :54 - Add to cart : [[ChromeDriver: chrome on WINDOWS (e8c9c7ddcca7e6c61f71d1f0a381ba3c)] -> xpath: //div[@class='item-box'][1]//button[text()='Add to cart']]
2021-06-28 23:06:313 INFO  BuildYourOwnComputerProductPage :40 - Build Your Computer : [[ChromeDriver: chrome on WINDOWS (e8c9c7ddcca7e6c61f71d1f0a381ba3c)] -> xpath: //h1[contains(text(),'Build your own computer')]]
2021-06-28 23:06:536 INFO  BuildYourOwnComputerProductPage :45 - Select The Processer : [[ChromeDriver: chrome on WINDOWS (e8c9c7ddcca7e6c61f71d1f0a381ba3c)] -> id: product_attribute_1]
2021-06-28 23:06:768 INFO  BuildYourOwnComputerProductPage :50 - Set Select Ram : [[ChromeDriver: chrome on WINDOWS (e8c9c7ddcca7e6c61f71d1f0a381ba3c)] -> xpath: //select[@id='product_attribute_2']]
2021-06-28 23:06:887 INFO  BuildYourOwnComputerProductPage :55 - On Hdd: [[ChromeDriver: chrome on WINDOWS (e8c9c7ddcca7e6c61f71d1f0a381ba3c)] -> xpath: //dd[@id='product_attribute_input_3']//label[text()='400 GB [+$100.00]']]
2021-06-28 23:06:25 INFO  BuildYourOwnComputerProductPage :60 - On Os Radio: [[ChromeDriver: chrome on WINDOWS (e8c9c7ddcca7e6c61f71d1f0a381ba3c)] -> xpath: //input[@id='product_attribute_4_9']]
2021-06-28 23:06:154 INFO  BuildYourOwnComputerProductPage :65 - Microsoft Office: [[ChromeDriver: chrome on WINDOWS (e8c9c7ddcca7e6c61f71d1f0a381ba3c)] -> xpath: //input[@id='product_attribute_5_10']]
2021-06-28 23:06:244 INFO  BuildYourOwnComputerProductPage :65 - Microsoft Office: [[ChromeDriver: chrome on WINDOWS (e8c9c7ddcca7e6c61f71d1f0a381ba3c)] -> xpath: //input[@id='product_attribute_5_10']]
2021-06-28 23:06:380 INFO  BuildYourOwnComputerProductPage :70 - Total Commender: [[ChromeDriver: chrome on WINDOWS (e8c9c7ddcca7e6c61f71d1f0a381ba3c)] -> xpath: //input[@name='product_attribute_5' and @id='product_attribute_5_12']]
2021-06-28 23:06:417 INFO  BuildYourOwnComputerProductPage :74 - Verify Price : [[ChromeDriver: chrome on WINDOWS (e8c9c7ddcca7e6c61f71d1f0a381ba3c)] -> xpath: //span[@id='price-value-1']]
2021-06-28 23:06:327 INFO  BasePage :33 - Launching Chrome Browser 
2021-06-28 23:06:59 INFO  DesktopPage :39 - Clicking on computer lin : [[ChromeDriver: chrome on WINDOWS (dfb779cdba89c827439ae56a305c36eb)] -> link text: Computers]
2021-06-28 23:06:144 INFO  DesktopPage :31 - Click on Desktop : [[ChromeDriver: chrome on WINDOWS (dfb779cdba89c827439ae56a305c36eb)] -> link text: Desktops]
2021-06-28 23:06:555 INFO  DesktopPage :46 - Select On Alphabeticaly : [[ChromeDriver: chrome on WINDOWS (dfb779cdba89c827439ae56a305c36eb)] -> id: products-orderby]
2021-06-28 23:06:687 INFO  DesktopPage :54 - Add to cart : [[ChromeDriver: chrome on WINDOWS (dfb779cdba89c827439ae56a305c36eb)] -> xpath: //div[@class='item-box'][1]//button[text()='Add to cart']]
2021-06-28 23:06:545 INFO  BuildYourOwnComputerProductPage :40 - Build Your Computer : [[ChromeDriver: chrome on WINDOWS (dfb779cdba89c827439ae56a305c36eb)] -> xpath: //h1[contains(text(),'Build your own computer')]]
2021-06-28 23:06:772 INFO  BuildYourOwnComputerProductPage :45 - Select The Processer : [[ChromeDriver: chrome on WINDOWS (dfb779cdba89c827439ae56a305c36eb)] -> id: product_attribute_1]
2021-06-28 23:06:951 INFO  BuildYourOwnComputerProductPage :50 - Set Select Ram : [[ChromeDriver: chrome on WINDOWS (dfb779cdba89c827439ae56a305c36eb)] -> xpath: //select[@id='product_attribute_2']]
2021-06-28 23:06:40 INFO  BuildYourOwnComputerProductPage :55 - On Hdd: [[ChromeDriver: chrome on WINDOWS (dfb779cdba89c827439ae56a305c36eb)] -> xpath: //dd[@id='product_attribute_input_3']//label[text()='400 GB [+$100.00]']]
2021-06-28 23:06:138 INFO  BuildYourOwnComputerProductPage :60 - On Os Radio: [[ChromeDriver: chrome on WINDOWS (dfb779cdba89c827439ae56a305c36eb)] -> xpath: //input[@id='product_attribute_4_9']]
2021-06-28 23:06:235 INFO  BuildYourOwnComputerProductPage :65 - Microsoft Office: [[ChromeDriver: chrome on WINDOWS (dfb779cdba89c827439ae56a305c36eb)] -> xpath: //input[@id='product_attribute_5_10']]
2021-06-28 23:06:333 INFO  BuildYourOwnComputerProductPage :65 - Microsoft Office: [[ChromeDriver: chrome on WINDOWS (dfb779cdba89c827439ae56a305c36eb)] -> xpath: //input[@id='product_attribute_5_10']]
2021-06-28 23:06:438 INFO  BuildYourOwnComputerProductPage :70 - Total Commender: [[ChromeDriver: chrome on WINDOWS (dfb779cdba89c827439ae56a305c36eb)] -> xpath: //input[@name='product_attribute_5' and @id='product_attribute_5_12']]
2021-06-28 23:06:476 INFO  BuildYourOwnComputerProductPage :74 - Verify Price : [[ChromeDriver: chrome on WINDOWS (dfb779cdba89c827439ae56a305c36eb)] -> xpath: //span[@id='price-value-1']]
2021-06-28 23:06:536 INFO  BuildYourOwnComputerProductPage :80 - Add to Cart: [[ChromeDriver: chrome on WINDOWS (dfb779cdba89c827439ae56a305c36eb)] -> xpath: //button[@id='add-to-cart-button-1']]
2021-06-28 23:06:649 INFO  BuildYourOwnComputerProductPage :87 - Verify Message : [[ChromeDriver: chrome on WINDOWS (dfb779cdba89c827439ae56a305c36eb)] -> xpath: //p[text()='The product has been added to your ']]
2021-06-28 23:06:779 INFO  BuildYourOwnComputerProductPage :94 - Build Your Computer : [[ChromeDriver: chrome on WINDOWS (dfb779cdba89c827439ae56a305c36eb)] -> xpath: //h1[contains(text(),'Build your own computer')]]
2021-06-30 18:06:800 INFO  BasePage :33 - Launching Chrome Browser 
2021-06-30 18:06:878 INFO  DesktopPage :39 - Clicking on computer lin : [[ChromeDriver: chrome on WINDOWS (102f7e5ccb93c52529b91181a647df5e)] -> link text: Computers]
2021-06-30 18:06:168 INFO  DesktopPage :31 - Click on Desktop : [[ChromeDriver: chrome on WINDOWS (102f7e5ccb93c52529b91181a647df5e)] -> link text: Desktops]
2021-06-30 18:06:398 INFO  DesktopPage :36 - Select On Alphabeticaly Reverse : [[ChromeDriver: chrome on WINDOWS (102f7e5ccb93c52529b91181a647df5e)] -> id: products-orderby]
2021-06-30 18:06:444 INFO  DesktopPage :40 - Verify product Desceding Order : [[[ChromeDriver: chrome on WINDOWS (102f7e5ccb93c52529b91181a647df5e)] -> xpath: //h2[@class='product-title']], [[ChromeDriver: chrome on WINDOWS (102f7e5ccb93c52529b91181a647df5e)] -> xpath: //h2[@class='product-title']], [[ChromeDriver: chrome on WINDOWS (102f7e5ccb93c52529b91181a647df5e)] -> xpath: //h2[@class='product-title']]]
2021-06-30 18:06:369 INFO  BasePage :33 - Launching Chrome Browser 
2021-06-30 18:06:950 INFO  DesktopPage :39 - Clicking on computer lin : [[ChromeDriver: chrome on WINDOWS (5c040b33c179da5156326943f050044d)] -> link text: Computers]
2021-06-30 18:06:249 INFO  DesktopPage :31 - Click on Desktop : [[ChromeDriver: chrome on WINDOWS (5c040b33c179da5156326943f050044d)] -> link text: Desktops]
2021-06-30 18:06:448 INFO  DesktopPage :46 - Select On Alphabeticaly : [[ChromeDriver: chrome on WINDOWS (5c040b33c179da5156326943f050044d)] -> id: products-orderby]
2021-06-30 18:06:557 INFO  DesktopPage :54 - Add to cart : [[ChromeDriver: chrome on WINDOWS (5c040b33c179da5156326943f050044d)] -> xpath: //div[@class='item-box'][1]//button[text()='Add to cart']]
2021-06-30 18:06:437 INFO  BuildYourOwnComputerProductPage :40 - Build Your Computer : [[ChromeDriver: chrome on WINDOWS (5c040b33c179da5156326943f050044d)] -> xpath: //h1[contains(text(),'Build your own computer')]]
2021-06-30 18:06:599 INFO  BuildYourOwnComputerProductPage :45 - Select The Processer : [[ChromeDriver: chrome on WINDOWS (5c040b33c179da5156326943f050044d)] -> id: product_attribute_1]
2021-06-30 18:06:763 INFO  BuildYourOwnComputerProductPage :50 - Set Select Ram : [[ChromeDriver: chrome on WINDOWS (5c040b33c179da5156326943f050044d)] -> xpath: //select[@id='product_attribute_2']]
2021-06-30 18:06:833 INFO  BuildYourOwnComputerProductPage :55 - On Hdd: [[ChromeDriver: chrome on WINDOWS (5c040b33c179da5156326943f050044d)] -> xpath: //dd[@id='product_attribute_input_3']//label[text()='400 GB [+$100.00]']]
2021-06-30 18:06:910 INFO  BuildYourOwnComputerProductPage :60 - On Os Radio: [[ChromeDriver: chrome on WINDOWS (5c040b33c179da5156326943f050044d)] -> xpath: //input[@id='product_attribute_4_9']]
2021-06-30 18:06:980 INFO  BuildYourOwnComputerProductPage :65 - Microsoft Office: [[ChromeDriver: chrome on WINDOWS (5c040b33c179da5156326943f050044d)] -> xpath: //input[@id='product_attribute_5_10']]
2021-06-30 18:06:63 INFO  BuildYourOwnComputerProductPage :65 - Microsoft Office: [[ChromeDriver: chrome on WINDOWS (5c040b33c179da5156326943f050044d)] -> xpath: //input[@id='product_attribute_5_10']]
2021-06-30 18:06:147 INFO  BuildYourOwnComputerProductPage :70 - Total Commender: [[ChromeDriver: chrome on WINDOWS (5c040b33c179da5156326943f050044d)] -> xpath: //input[@name='product_attribute_5' and @id='product_attribute_5_12']]
2021-06-30 18:06:175 INFO  BuildYourOwnComputerProductPage :74 - Verify Price : [[ChromeDriver: chrome on WINDOWS (5c040b33c179da5156326943f050044d)] -> xpath: //span[@id='price-value-1']]
2021-06-30 18:06:224 INFO  BuildYourOwnComputerProductPage :80 - Add to Cart: [[ChromeDriver: chrome on WINDOWS (5c040b33c179da5156326943f050044d)] -> xpath: //button[@id='add-to-cart-button-1']]
2021-06-30 18:06:310 INFO  BuildYourOwnComputerProductPage :87 - Verify Message : [[ChromeDriver: chrome on WINDOWS (5c040b33c179da5156326943f050044d)] -> xpath: //p[text()='The product has been added to your ']]
2021-06-30 18:06:408 INFO  BuildYourOwnComputerProductPage :94 - Build Your Computer : [[ChromeDriver: chrome on WINDOWS (5c040b33c179da5156326943f050044d)] -> xpath: //h1[contains(text(),'Build your own computer')]]
2021-06-30 18:06:263 INFO  BasePage :33 - Launching Chrome Browser 
2021-06-30 18:06:529 INFO  DesktopPage :39 - Clicking on computer lin : [[ChromeDriver: chrome on WINDOWS (998b698e2232bc55073f41df53f8bd97)] -> link text: Computers]
2021-06-30 18:06:566 INFO  DesktopPage :56 - Verify user navigate to computer page successfully : [[ChromeDriver: chrome on WINDOWS (998b698e2232bc55073f41df53f8bd97)] -> partial link text: Computers]
2021-06-30 18:06:296 INFO  BasePage :33 - Launching Chrome Browser 
2021-06-30 18:06:731 INFO  DesktopPage :45 - Clicking on electronics link : [[ChromeDriver: chrome on WINDOWS (e714e2195111a2b0acfcadab8e0cd951)] -> link text: Electronics]
2021-06-30 18:06:764 INFO  DesktopPage :61 - Verify user navigate to electronic page successfully : [[ChromeDriver: chrome on WINDOWS (e714e2195111a2b0acfcadab8e0cd951)] -> partial link text: Electronics]
2021-06-30 18:06:745 INFO  BasePage :33 - Launching Chrome Browser 
2021-06-30 18:06:194 INFO  DesktopPage :51 - Clicking on apparel link : [[ChromeDriver: chrome on WINDOWS (c820731f14354f4b8d152f94a6a08bf2)] -> link text: Apparel]
2021-06-30 18:06:236 INFO  DesktopPage :66 - Verify user navigate to apparel page successfully : [[ChromeDriver: chrome on WINDOWS (c820731f14354f4b8d152f94a6a08bf2)] -> partial link text: Apparel]
2021-06-30 18:06:185 INFO  BasePage :33 - Launching Chrome Browser 
2021-06-30 18:06:143 INFO  DesktopPage :57 - Clicking on digital downloads link : [[ChromeDriver: chrome on WINDOWS (d1faa082f341a1a6092fb4bfbb46cb2b)] -> link text: Digital downloads]
2021-06-30 18:06:187 INFO  DesktopPage :71 - Verify user navigate to digitaldownloads page successfully : [[ChromeDriver: chrome on WINDOWS (d1faa082f341a1a6092fb4bfbb46cb2b)] -> partial link text: Digital downloads]
2021-06-30 18:06:333 INFO  BasePage :33 - Launching Chrome Browser 
2021-06-30 18:06:36 INFO  DesktopPage :62 - Clicking books link : [[ChromeDriver: chrome on WINDOWS (29703676c60a6a393c979e85743f145a)] -> link text: Books]
2021-06-30 18:06:80 INFO  DesktopPage :76 - Verify user navigate to books page successfully : [[ChromeDriver: chrome on WINDOWS (29703676c60a6a393c979e85743f145a)] -> partial link text: Digital downloads]
2021-06-30 18:06:40 INFO  BasePage :33 - Launching Chrome Browser 
2021-06-30 18:06:520 INFO  DesktopPage :68 - Clicking on jewelry link : [[ChromeDriver: chrome on WINDOWS (42ecdaccddb1de79b65b319e1e06a281)] -> link text: Jewelry]
2021-06-30 18:06:561 INFO  DesktopPage :81 - Verify user navigate to jewelry page successfully : [[ChromeDriver: chrome on WINDOWS (42ecdaccddb1de79b65b319e1e06a281)] -> partial link text: Jewelry]
2021-06-30 18:06:499 INFO  BasePage :33 - Launching Chrome Browser 
2021-06-30 18:06:362 INFO  DesktopPage :74 - Clicking on giftcards link : [[ChromeDriver: chrome on WINDOWS (83c76c0727fff330f0ae9124375f7d2b)] -> link text: Gift Cards]
2021-06-30 18:06:407 INFO  DesktopPage :86 - Verify user navigate to giftcards page successfully : [[ChromeDriver: chrome on WINDOWS (83c76c0727fff330f0ae9124375f7d2b)] -> partial link text: Gift Cards]
